â”Œâ”€â”€(rootðŸ’€tyza66)-[~]
â””â”€# sudo  apt update
sudo  apt  install  dkms  bc  mokutil build-essential libelf-dev linux-headers-amd64  linux-image-amd64  -y
å‘½ä¸­:1 https://mirrors.ustc.edu.cn/kali kali-last-snapshot InRelease
æœ‰ 1963 ä¸ªè½¯ä»¶åŒ…å¯ä»¥å‡çº§ã€‚è¯·æ‰§è¡Œ â€˜apt list --upgradableâ€™ æ¥æŸ¥çœ‹å®ƒä»¬ã€‚
dkms å·²ç»æ˜¯æœ€æ–°ç‰ˆ (3.0.13-1)ã€‚                 
dkms å·²è®¾ç½®ä¸ºæ‰‹åŠ¨å®‰è£…ã€‚
bc å·²ç»æ˜¯æœ€æ–°ç‰ˆ (1.07.1-4)ã€‚
bc å·²è®¾ç½®ä¸ºæ‰‹åŠ¨å®‰è£…ã€‚
linux-headers-amd64 å·²ç»æ˜¯æœ€æ–°ç‰ˆ (6.11.2-1kali1)ã€‚
linux-image-amd64 å·²ç»æ˜¯æœ€æ–°ç‰ˆ (6.11.2-1kali1)ã€‚
ä¸‹åˆ—è½¯ä»¶åŒ…æ˜¯è‡ªåŠ¨å®‰è£…çš„å¹¶ä¸”çŽ°åœ¨ä¸éœ€è¦äº†ï¼š
  cpp-13                   libgfrpc0         librdmacm1t64
  ibverbs-providers        libgfxdr0         python3-lib2to3
  libboost-iostreams1.83.0 libglusterfs0     python3.11
  libboost-thread1.83.0    libibverbs1       python3.11-dev
  libcephfs2               libpython3.11-dev python3.11-minimal
  libgfapi0                librados2         samba-vfs-modules
ä½¿ç”¨'sudo apt autoremove'æ¥å¸è½½å®ƒ(å®ƒä»¬)ã€‚

å°†è¢«å‡çº§ï¼š
  blueman              openssl
  build-essential      python3
  cpp                  python3-arc4
  cpp-x86-64-linux-gnu python3-dev
  dpkg                 python3-faraday-agent-parameters-types
  dpkg-dev             python3-faraday-plugins                               
  faraday              python3-gpg                                           
  g++                  python3-ldb                                           
  g++-x86-64-linux-gnu python3-minimal                                       
  gcc                  python3-nassl                                         
  gcc-x86-64-linux-gnu python3-pkg-resources                                 
  libdpkg-perl         python3-samba                                         
  libdw1t64            python3-setuptools                                    
  libelf1t64           python3-talloc                                        
  libgpg-error0        python3-tdb                                           
  libgpgme11t64        python3-zstandard                                     
  libjs-sphinxdoc      samba                                                 
  libldb2              samba-ad-provision                                    
  libpython3-dev       samba-common                                          
  libpython3-stdlib    samba-common-bin                                      
  libsmbclient0        samba-dsdb-modules                                    
  libssl3t64           samba-libs                                            
  libtalloc2           samba-vfs-modules                                     
  libtdb1              smbclient                                             
  libwbclient0         tdb-tools                                             
  libzstd1             wfuzz                                                 
  onboard              winexe                                                
  onboard-common       zstd                                                  
  onboard-data                                                               
                                                                             
å°†è¦å®‰è£…ï¼š
  libelf-dev mokutil
                                                                             
å°†è¦å®‰è£…çš„ä¾èµ–ï¼š
  g++-14                  libpython3.12-stdlib    python3.12
  g++-14-x86-64-linux-gnu libpython3.12t64        python3.12-dev             
  libassuan9              libstdc++-14-dev        python3.12-minimal         
  libnss-winbind          libzstd-dev             samba-ad-dc                
  libpam-winbind          openssl-provider-legacy winbind                    
  libpython3.12-dev       python3-croniter                                   
  libpython3.12-minimal   python3-elasticsearch                              
                                                                             
å»ºè®®å®‰è£…ï¼š
  g++-14-multilib  python-elasticsearch-doc binfmt-support ldb-tools
  gcc-14-doc       python3.12-venv          bind9          ntp
  libstdc++-14-doc python3.12-doc           bind9utils     | chrony

ã€å°†è¦å¸è½½ã€‘ï¼š
  python3-distutils
                                                                             
æ‘˜è¦ï¼š
  å‡çº§ï¼š57ï¼Œå®‰è£…ï¼š21ï¼Œå¸è½½ï¼š1ï¼Œä¸å‡çº§ï¼š1906
  ä¸‹è½½å¤§å°ï¼š69.9 MB
  æ‰€éœ€çš„ç©ºé—´ï¼š136 MB / 84.0 GB å¯ç”¨

èŽ·å–:1 https://mirrors.ustc.edu.cn/kali kali-last-snapshot/main amd64 dpkg amd64 1.22.11+kali2 [1,533 kB]
èŽ·å–:2 https://mirrors.ustc.edu.cn/kali kali-last-snapshot/main amd64 openssl-provider-legacy amd64 3.3.2-2 [298 kB]
èŽ·å–:3 https://mirrors.ustc.edu.cn/kali kali-last-snapshot/main amd64 libssl3t64 amd64 3.3.2-2 [2,271 kB]
èŽ·å–:4 https://mirrors.ustc.edu.cn/kali kali-last-snapshot/main amd64 python3.12-minimal amd64 3.12.7-3 [2,162 kB]
èŽ·å–:5 https://mirrors.ustc.edu.cn/kali kali-last-snapshot/main amd64 libpython3-dev amd64 3.12.6-1 [9,952 B]
èŽ·å–:6 https://mirrors.ustc.edu.cn/kali kali-last-snapshot/main amd64 python3-dev amd64 3.12.6-1 [26.1 kB]
èŽ·å–:7 https://mirrors.ustc.edu.cn/kali kali-last-snapshot/main amd64 wfuzz all 3.1.0-4.1 [283 kB]
èŽ·å–:8 https://mirrors.ustc.edu.cn/kali kali-last-snapshot/main amd64 python3-setuptools all 74.1.2-2 [736 kB]
èŽ·å–:9 https://mirrors.ustc.edu.cn/kali kali-last-snapshot/main amd64 faraday all 5.8.0-0kali1 [8,115 kB]
èŽ·å–:10 https://mirrors.ustc.edu.cn/kali kali-last-snapshot/main amd64 python3-tdb amd64 1.4.12-1 [16.9 kB]
èŽ·å–:11 https://mirrors.ustc.edu.cn/kali kali-last-snapshot/main amd64 libtalloc2 amd64 2.4.2-1+b3 [26.1 kB]
èŽ·å–:12 https://mirrors.ustc.edu.cn/kali kali-last-snapshot/main amd64 python3-talloc amd64 2.4.2-1+b3 [15.2 kB]
èŽ·å–:13 https://mirrors.ustc.edu.cn/kali kali-last-snapshot/main amd64 samba-ad-provision all 2:4.21.1+dfsg-2kali1 [500 kB]
èŽ·å–:14 https://mirrors.ustc.edu.cn/kali kali-last-snapshot/main amd64 samba-vfs-modules amd64 2:4.21.1+dfsg-2kali1 [39.1 kB]
èŽ·å–:15 https://mirrors.ustc.edu.cn/kali kali-last-snapshot/main amd64 samba amd64 2:4.21.1+dfsg-2kali1 [1,329 kB]
èŽ·å–:16 https://mirrors.ustc.edu.cn/kali kali-last-snapshot/main amd64 samba-common-bin amd64 2:4.21.1+dfsg-2kali1 [1,258 kB]
èŽ·å–:17 https://mirrors.ustc.edu.cn/kali kali-last-snapshot/main amd64 libwbclient0 amd64 2:4.21.1+dfsg-2kali1 [64.2 kB]
èŽ·å–:18 https://mirrors.ustc.edu.cn/kali kali-last-snapshot/main amd64 winexe amd64 2:4.21.1+dfsg-2kali1 [100 kB]
èŽ·å–:19 https://mirrors.ustc.edu.cn/kali kali-last-snapshot/main amd64 smbclient amd64 2:4.21.1+dfsg-2kali1 [474 kB]
èŽ·å–:20 https://mirrors.ustc.edu.cn/kali kali-last-snapshot/main amd64 python3-ldb amd64 2:2.10.0+samba4.21.1+dfsg-2kali1 [70.2 kB]
èŽ·å–:21 https://mirrors.ustc.edu.cn/kali kali-last-snapshot/main amd64 libldb2 amd64 2:2.10.0+samba4.21.1+dfsg-2kali1 [172 kB]
èŽ·å–:22 https://mirrors.ustc.edu.cn/kali kali-last-snapshot/main amd64 samba-dsdb-modules amd64 2:4.21.1+dfsg-2kali1 [332 kB]
èŽ·å–:23 https://mirrors.ustc.edu.cn/kali kali-last-snapshot/main amd64 libsmbclient0 amd64 2:4.21.1+dfsg-2kali1 [91.7 kB]
èŽ·å–:24 https://mirrors.ustc.edu.cn/kali kali-last-snapshot/main amd64 samba-libs amd64 2:4.21.1+dfsg-2kali1 [5,951 kB]
èŽ·å–:25 https://mirrors.ustc.edu.cn/kali kali-last-snapshot/main amd64 python3-samba amd64 2:4.21.1+dfsg-2kali1 [2,717 kB]
èŽ·å–:26 https://mirrors.ustc.edu.cn/kali kali-last-snapshot/main amd64 python3-nassl amd64 5.2.0-0kali3 [1,727 kB]
èŽ·å–:27 https://mirrors.ustc.edu.cn/kali kali-last-snapshot/main amd64 python3-arc4 amd64 0.3.0-0kali1+b2 [7,360 B]
èŽ·å–:28 https://mirrors.ustc.edu.cn/kali kali-last-snapshot/main amd64 onboard-data all 1.4.1-9 [3,807 kB]
èŽ·å–:29 https://mirrors.ustc.edu.cn/kali kali-last-snapshot/main amd64 onboard-common all 1.4.1-9 [543 kB]
èŽ·å–:30 https://mirrors.ustc.edu.cn/kali kali-last-snapshot/main amd64 onboard amd64 1.4.1-9 [350 kB]
èŽ·å–:31 https://mirrors.ustc.edu.cn/kali kali-last-snapshot/main amd64 blueman amd64 2.4.3-1 [1,019 kB]
èŽ·å–:32 https://mirrors.ustc.edu.cn/kali kali-last-snapshot/main amd64 python3-minimal amd64 3.12.6-1 [26.7 kB]
èŽ·å–:33 https://mirrors.ustc.edu.cn/kali kali-last-snapshot/main amd64 python3 amd64 3.12.6-1 [27.8 kB]
èŽ·å–:34 https://mirrors.ustc.edu.cn/kali kali-last-snapshot/main amd64 python3.12 amd64 3.12.7-3 [671 kB]
èŽ·å–:35 https://mirrors.ustc.edu.cn/kali kali-last-snapshot/main amd64 libpython3-stdlib amd64 3.12.6-1 [9,692 B]
èŽ·å–:36 https://mirrors.ustc.edu.cn/kali kali-last-snapshot/main amd64 libtdb1 amd64 1.4.12-1 [45.2 kB]
èŽ·å–:37 https://mirrors.ustc.edu.cn/kali kali-last-snapshot/main amd64 libpython3.12t64 amd64 3.12.7-3 [2,153 kB]
èŽ·å–:38 https://mirrors.ustc.edu.cn/kali kali-last-snapshot/main amd64 samba-common all 2:4.21.1+dfsg-2kali1 [58.2 kB]
èŽ·å–:39 https://mirrors.ustc.edu.cn/kali kali-last-snapshot/main amd64 libgpg-error0 amd64 1.50-4 [81.6 kB]
èŽ·å–:40 https://mirrors.ustc.edu.cn/kali kali-last-snapshot/main amd64 libassuan9 amd64 3.0.1-2 [60.6 kB]
èŽ·å–:41 https://mirrors.ustc.edu.cn/kali kali-last-snapshot/main amd64 libgpgme11t64 amd64 1.24.0-2 [344 kB]
èŽ·å–:42 https://mirrors.ustc.edu.cn/kali kali-last-snapshot/main amd64 python3-zstandard amd64 0.23.0-2+b1 [337 kB]
èŽ·å–:43 https://mirrors.ustc.edu.cn/kali kali-last-snapshot/main amd64 libzstd1 amd64 1.5.6+dfsg-1+b1 [300 kB]
èŽ·å–:44 https://mirrors.ustc.edu.cn/kali kali-last-snapshot/main amd64 libpython3.12-minimal amd64 3.12.7-3 [815 kB]
èŽ·å–:45 https://mirrors.ustc.edu.cn/kali kali-last-snapshot/main amd64 libpython3.12-stdlib amd64 3.12.7-3 [1,966 kB]
èŽ·å–:46 https://mirrors.ustc.edu.cn/kali kali-last-snapshot/main amd64 libpython3.12-dev amd64 3.12.7-3 [5,124 kB]
èŽ·å–:47 https://mirrors.ustc.edu.cn/kali kali-last-snapshot/main amd64 python3.12-dev amd64 3.12.7-3 [505 kB]
èŽ·å–:48 https://mirrors.ustc.edu.cn/kali kali-last-snapshot/main amd64 libjs-sphinxdoc all 7.4.7-4 [158 kB]
èŽ·å–:49 https://mirrors.ustc.edu.cn/kali kali-last-snapshot/main amd64 python3-pkg-resources all 74.1.2-2 [213 kB]
èŽ·å–:50 https://mirrors.ustc.edu.cn/kali kali-last-snapshot/main amd64 python3-croniter all 2.0.7-2 [26.4 kB]
èŽ·å–:51 https://mirrors.ustc.edu.cn/kali kali-last-snapshot/main amd64 python3-elasticsearch all 7.17.6-1 [113 kB]
èŽ·å–:52 https://mirrors.ustc.edu.cn/kali kali-last-snapshot/main amd64 python3-faraday-agent-parameters-types all 1.7.2-0kali1 [11.6 kB]
èŽ·å–:53 https://mirrors.ustc.edu.cn/kali kali-last-snapshot/main amd64 python3-faraday-plugins all 1.19.1-0kali1 [124 kB]
èŽ·å–:54 https://mirrors.ustc.edu.cn/kali kali-last-snapshot/main amd64 winbind amd64 2:4.21.1+dfsg-2kali1 [445 kB]
èŽ·å–:55 https://mirrors.ustc.edu.cn/kali kali-last-snapshot/main amd64 samba-ad-dc amd64 2:4.21.1+dfsg-2kali1 [72.2 kB]
èŽ·å–:56 https://mirrors.ustc.edu.cn/kali kali-last-snapshot/main amd64 g++-x86-64-linux-gnu amd64 4:14.2.0-1 [1,200 B]
èŽ·å–:57 https://mirrors.ustc.edu.cn/kali kali-last-snapshot/main amd64 g++ amd64 4:14.2.0-1 [1,344 B]
èŽ·å–:58 https://mirrors.ustc.edu.cn/kali kali-last-snapshot/main amd64 gcc-x86-64-linux-gnu amd64 4:14.2.0-1 [1,436 B]
èŽ·å–:59 https://mirrors.ustc.edu.cn/kali kali-last-snapshot/main amd64 gcc amd64 4:14.2.0-1 [5,136 B]
èŽ·å–:60 https://mirrors.ustc.edu.cn/kali kali-last-snapshot/main amd64 cpp-x86-64-linux-gnu amd64 4:14.2.0-1 [4,840 B]
èŽ·å–:61 https://mirrors.ustc.edu.cn/kali kali-last-snapshot/main amd64 cpp amd64 4:14.2.0-1 [1,568 B]
èŽ·å–:62 https://mirrors.ustc.edu.cn/kali kali-last-snapshot/main amd64 libstdc++-14-dev amd64 14.2.0-8 [2,369 kB]
èŽ·å–:63 https://mirrors.ustc.edu.cn/kali kali-last-snapshot/main amd64 g++-14-x86-64-linux-gnu amd64 14.2.0-8 [12.1 MB]
èŽ·å–:64 https://mirrors.ustc.edu.cn/kali kali-last-snapshot/main amd64 g++-14 amd64 14.2.0-8 [20.2 kB]
èŽ·å–:65 https://mirrors.ustc.edu.cn/kali kali-last-snapshot/main amd64 dpkg-dev all 1.22.11+kali2 [1,334 kB]
èŽ·å–:66 https://mirrors.ustc.edu.cn/kali kali-last-snapshot/main amd64 libdpkg-perl all 1.22.11+kali2 [645 kB]
èŽ·å–:67 https://mirrors.ustc.edu.cn/kali kali-last-snapshot/main amd64 build-essential amd64 12.12 [4,624 B]
èŽ·å–:68 https://mirrors.ustc.edu.cn/kali kali-last-snapshot/main amd64 libdw1t64 amd64 0.192-4 [255 kB]
èŽ·å–:69 https://mirrors.ustc.edu.cn/kali kali-last-snapshot/main amd64 libelf1t64 amd64 0.192-4 [189 kB]
èŽ·å–:70 https://mirrors.ustc.edu.cn/kali kali-last-snapshot/main amd64 libzstd-dev amd64 1.5.6+dfsg-1+b1 [365 kB]
èŽ·å–:71 https://mirrors.ustc.edu.cn/kali kali-last-snapshot/main amd64 libelf-dev amd64 0.192-4 [93.2 kB]
èŽ·å–:72 https://mirrors.ustc.edu.cn/kali kali-last-snapshot/main amd64 libnss-winbind amd64 2:4.21.1+dfsg-2kali1 [69.7 kB]
èŽ·å–:73 https://mirrors.ustc.edu.cn/kali kali-last-snapshot/main amd64 libpam-winbind amd64 2:4.21.1+dfsg-2kali1 [84.3 kB]
èŽ·å–:74 https://mirrors.ustc.edu.cn/kali kali-last-snapshot/main amd64 mokutil amd64 0.6.0-2+b1 [26.1 kB]
èŽ·å–:75 https://mirrors.ustc.edu.cn/kali kali-last-snapshot/main amd64 openssl amd64 3.3.2-2 [1,382 kB]
èŽ·å–:76 https://mirrors.ustc.edu.cn/kali kali-last-snapshot/main amd64 python3-gpg amd64 1.24.0-2 [412 kB]
èŽ·å–:77 https://mirrors.ustc.edu.cn/kali kali-last-snapshot/main amd64 tdb-tools amd64 1.4.12-1 [27.4 kB]
èŽ·å–:78 https://mirrors.ustc.edu.cn/kali kali-last-snapshot/main amd64 zstd amd64 1.5.6+dfsg-1+b1 [737 kB]
å·²ä¸‹è½½ 69.9 MBï¼Œè€—æ—¶ 22ç§’ (3,218 kB/s)                                      
æ­£åœ¨ä»Žè½¯ä»¶åŒ…ä¸­è§£å‡ºæ¨¡æ¿ï¼š100%
(æ­£åœ¨è¯»å–æ•°æ®åº“ ... ç³»ç»Ÿå½“å‰å…±å®‰è£…æœ‰ 414788 ä¸ªæ–‡ä»¶å’Œç›®å½•ã€‚)
å‡†å¤‡è§£åŽ‹ .../dpkg_1.22.11+kali2_amd64.deb  ...
æ­£åœ¨è§£åŽ‹ dpkg (1.22.11+kali2) å¹¶è¦†ç›– (1.22.6+kali1) ...
æ­£åœ¨è®¾ç½® dpkg (1.22.11+kali2) ...
(æ­£åœ¨è¯»å–æ•°æ®åº“ ... ç³»ç»Ÿå½“å‰å…±å®‰è£…æœ‰ 414787 ä¸ªæ–‡ä»¶å’Œç›®å½•ã€‚)
å‡†å¤‡è§£åŽ‹ .../libssl3t64_3.3.2-2_amd64.deb  ...
æ­£åœ¨è§£åŽ‹ libssl3t64:amd64 (3.3.2-2) å¹¶è¦†ç›– (3.2.1-3) ...
æ­£åœ¨é€‰ä¸­æœªé€‰æ‹©çš„è½¯ä»¶åŒ… openssl-provider-legacyã€‚
å‡†å¤‡è§£åŽ‹ .../openssl-provider-legacy_3.3.2-2_amd64.deb  ...
æ­£åœ¨è§£åŽ‹ openssl-provider-legacy (3.3.2-2) ...
æ­£åœ¨è®¾ç½® libssl3t64:amd64 (3.3.2-2) ...
æ­£åœ¨è®¾ç½® openssl-provider-legacy (3.3.2-2) ...
æ­£åœ¨é€‰ä¸­æœªé€‰æ‹©çš„è½¯ä»¶åŒ… python3.12-minimalã€‚
(æ­£åœ¨è¯»å–æ•°æ®åº“ ... ç³»ç»Ÿå½“å‰å…±å®‰è£…æœ‰ 414791 ä¸ªæ–‡ä»¶å’Œç›®å½•ã€‚)
å‡†å¤‡è§£åŽ‹ .../0-python3.12-minimal_3.12.7-3_amd64.deb  ...
æ­£åœ¨è§£åŽ‹ python3.12-minimal (3.12.7-3) ...
å‡†å¤‡è§£åŽ‹ .../1-libpython3-dev_3.12.6-1_amd64.deb  ...
æ­£åœ¨è§£åŽ‹ libpython3-dev:amd64 (3.12.6-1) å¹¶è¦†ç›– (3.11.8-1) ...
å‡†å¤‡è§£åŽ‹ .../2-python3-dev_3.12.6-1_amd64.deb  ...
æ­£åœ¨è§£åŽ‹ python3-dev (3.12.6-1) å¹¶è¦†ç›– (3.11.8-1) ...
å‡†å¤‡è§£åŽ‹ .../3-wfuzz_3.1.0-4.1_all.deb  ...
æ­£åœ¨è§£åŽ‹ wfuzz (3.1.0-4.1) å¹¶è¦†ç›– (3.1.0-4) ...
å‡†å¤‡è§£åŽ‹ .../4-python3-setuptools_74.1.2-2_all.deb  ...
æ­£åœ¨è§£åŽ‹ python3-setuptools (74.1.2-2) å¹¶è¦†ç›– (68.1.2-2) ...
å‡†å¤‡è§£åŽ‹ .../5-faraday_5.8.0-0kali1_all.deb  ...
æ­£åœ¨è§£åŽ‹ faraday (5.8.0-0kali1) å¹¶è¦†ç›– (5.2.2-0kali1) ...
(æ­£åœ¨è¯»å–æ•°æ®åº“ ... ç³»ç»Ÿå½“å‰å…±å®‰è£…æœ‰ 415158 ä¸ªæ–‡ä»¶å’Œç›®å½•ã€‚)
æ­£åœ¨å¸è½½ python3-distutils (3.12.3-1) ...
(æ­£åœ¨è¯»å–æ•°æ®åº“ ... ç³»ç»Ÿå½“å‰å…±å®‰è£…æœ‰ 415103 ä¸ªæ–‡ä»¶å’Œç›®å½•ã€‚)
å‡†å¤‡è§£åŽ‹ .../00-python3-tdb_1.4.12-1_amd64.deb  ...
æ­£åœ¨è§£åŽ‹ python3-tdb (1.4.12-1) å¹¶è¦†ç›– (1.4.10-1) ...
å‡†å¤‡è§£åŽ‹ .../01-libtalloc2_2.4.2-1+b3_amd64.deb  ...
æ­£åœ¨è§£åŽ‹ libtalloc2:amd64 (2.4.2-1+b3) å¹¶è¦†ç›– (2.4.2-1+b1) ...
å‡†å¤‡è§£åŽ‹ .../02-python3-talloc_2.4.2-1+b3_amd64.deb  ...
æ­£åœ¨è§£åŽ‹ python3-talloc:amd64 (2.4.2-1+b3) å¹¶è¦†ç›– (2.4.2-1+b1) ...
å‡†å¤‡è§£åŽ‹ .../03-samba-ad-provision_2%3a4.21.1+dfsg-2kali1_all.deb  ...
æ­£åœ¨è§£åŽ‹ samba-ad-provision (2:4.21.1+dfsg-2kali1) å¹¶è¦†ç›– (2:4.20.1+dfsg-1) ...
å‡†å¤‡è§£åŽ‹ .../04-samba-vfs-modules_2%3a4.21.1+dfsg-2kali1_amd64.deb  ...
æ­£åœ¨è§£åŽ‹ samba-vfs-modules (2:4.21.1+dfsg-2kali1) å¹¶è¦†ç›– (2:4.20.1+dfsg-1) ...
å‡†å¤‡è§£åŽ‹ .../05-samba_2%3a4.21.1+dfsg-2kali1_amd64.deb  ...
æ­£åœ¨è§£åŽ‹ samba (2:4.21.1+dfsg-2kali1) å¹¶è¦†ç›– (2:4.20.1+dfsg-1) ...
å‡†å¤‡è§£åŽ‹ .../06-samba-common-bin_2%3a4.21.1+dfsg-2kali1_amd64.deb  ...
æ­£åœ¨è§£åŽ‹ samba-common-bin (2:4.21.1+dfsg-2kali1) å¹¶è¦†ç›– (2:4.20.1+dfsg-1) ...
å‡†å¤‡è§£åŽ‹ .../07-libwbclient0_2%3a4.21.1+dfsg-2kali1_amd64.deb  ...
æ­£åœ¨è§£åŽ‹ libwbclient0:amd64 (2:4.21.1+dfsg-2kali1) å¹¶è¦†ç›– (2:4.20.1+dfsg-1) ...
å‡†å¤‡è§£åŽ‹ .../08-winexe_2%3a4.21.1+dfsg-2kali1_amd64.deb  ...
æ­£åœ¨è§£åŽ‹ winexe (2:4.21.1+dfsg-2kali1) å¹¶è¦†ç›– (1.1~20140107-0kali21) ...
å‡†å¤‡è§£åŽ‹ .../09-smbclient_2%3a4.21.1+dfsg-2kali1_amd64.deb  ...
æ­£åœ¨è§£åŽ‹ smbclient (2:4.21.1+dfsg-2kali1) å¹¶è¦†ç›– (2:4.20.1+dfsg-1) ...
å‡†å¤‡è§£åŽ‹ .../10-python3-ldb_2%3a2.10.0+samba4.21.1+dfsg-2kali1_amd64.deb  ...
æ­£åœ¨è§£åŽ‹ python3-ldb (2:2.10.0+samba4.21.1+dfsg-2kali1) å¹¶è¦†ç›– (2:2.9.0+samba4.20.1+dfsg-1) ...
å‡†å¤‡è§£åŽ‹ .../11-libldb2_2%3a2.10.0+samba4.21.1+dfsg-2kali1_amd64.deb  ...
æ­£åœ¨è§£åŽ‹ libldb2:amd64 (2:2.10.0+samba4.21.1+dfsg-2kali1) å¹¶è¦†ç›– (2:2.9.0+samba4.20.1+dfsg-1) ...
å‡†å¤‡è§£åŽ‹ .../12-samba-dsdb-modules_2%3a4.21.1+dfsg-2kali1_amd64.deb  ...
æ­£åœ¨è§£åŽ‹ samba-dsdb-modules:amd64 (2:4.21.1+dfsg-2kali1) å¹¶è¦†ç›– (2:4.20.1+dfsg-1) ...
å‡†å¤‡è§£åŽ‹ .../13-libsmbclient0_2%3a4.21.1+dfsg-2kali1_amd64.deb  ...
æ­£åœ¨è§£åŽ‹ libsmbclient0:amd64 (2:4.21.1+dfsg-2kali1) å¹¶è¦†ç›– (2:4.20.1+dfsg-1) ...
å‡†å¤‡è§£åŽ‹ .../14-samba-libs_2%3a4.21.1+dfsg-2kali1_amd64.deb  ...
æ­£åœ¨è§£åŽ‹ samba-libs:amd64 (2:4.21.1+dfsg-2kali1) å¹¶è¦†ç›– (2:4.20.1+dfsg-1) ...
å‡†å¤‡è§£åŽ‹ .../15-python3-samba_2%3a4.21.1+dfsg-2kali1_amd64.deb  ...
æ­£åœ¨è§£åŽ‹ python3-samba (2:4.21.1+dfsg-2kali1) å¹¶è¦†ç›– (2:4.20.1+dfsg-1) ...
å‡†å¤‡è§£åŽ‹ .../16-python3-nassl_5.2.0-0kali3_amd64.deb  ...
æ­£åœ¨è§£åŽ‹ python3-nassl (5.2.0-0kali3) å¹¶è¦†ç›– (5.1.0-0kali1) ...
å‡†å¤‡è§£åŽ‹ .../17-python3-arc4_0.3.0-0kali1+b2_amd64.deb  ...
æ­£åœ¨è§£åŽ‹ python3-arc4 (0.3.0-0kali1+b2) å¹¶è¦†ç›– (0.3.0-0kali1+b1) ...
å‡†å¤‡è§£åŽ‹ .../18-onboard-data_1.4.1-9_all.deb  ...
æ­£åœ¨è§£åŽ‹ onboard-data (1.4.1-9) å¹¶è¦†ç›– (1.4.1-6) ...
å‡†å¤‡è§£åŽ‹ .../19-onboard-common_1.4.1-9_all.deb  ...
æ­£åœ¨è§£åŽ‹ onboard-common (1.4.1-9) å¹¶è¦†ç›– (1.4.1-6) ...
å‡†å¤‡è§£åŽ‹ .../20-onboard_1.4.1-9_amd64.deb  ...
æ­£åœ¨è§£åŽ‹ onboard (1.4.1-9) å¹¶è¦†ç›– (1.4.1-6+b3) ...
å‡†å¤‡è§£åŽ‹ .../21-blueman_2.4.3-1_amd64.deb  ...
æ­£åœ¨è§£åŽ‹ blueman (2.4.3-1) å¹¶è¦†ç›– (2.4.1-1) ...
æ­£åœ¨é€‰ä¸­æœªé€‰æ‹©çš„è½¯ä»¶åŒ… libpython3.12-minimal:amd64ã€‚
å‡†å¤‡è§£åŽ‹ .../22-libpython3.12-minimal_3.12.7-3_amd64.deb  ...
æ­£åœ¨è§£åŽ‹ libpython3.12-minimal:amd64 (3.12.7-3) ...
æ­£åœ¨è®¾ç½® libpython3.12-minimal:amd64 (3.12.7-3) ...
æ­£åœ¨è®¾ç½® python3.12-minimal (3.12.7-3) ...
(æ­£åœ¨è¯»å–æ•°æ®åº“ ... ç³»ç»Ÿå½“å‰å…±å®‰è£…æœ‰ 415401 ä¸ªæ–‡ä»¶å’Œç›®å½•ã€‚)
å‡†å¤‡è§£åŽ‹ .../python3-minimal_3.12.6-1_amd64.deb  ...
æ­£åœ¨è§£åŽ‹ python3-minimal (3.12.6-1) å¹¶è¦†ç›– (3.11.8-1) ...
æ­£åœ¨è®¾ç½® python3-minimal (3.12.6-1) ...
(æ­£åœ¨è¯»å–æ•°æ®åº“ ... ç³»ç»Ÿå½“å‰å…±å®‰è£…æœ‰ 415401 ä¸ªæ–‡ä»¶å’Œç›®å½•ã€‚)
å‡†å¤‡è§£åŽ‹ .../0-python3_3.12.6-1_amd64.deb  ...
running python pre-rtupdate hooks for python3.12...
æ­£åœ¨è§£åŽ‹ python3 (3.12.6-1) å¹¶è¦†ç›– (3.11.8-1) ...
æ­£åœ¨é€‰ä¸­æœªé€‰æ‹©çš„è½¯ä»¶åŒ… python3.12ã€‚
å‡†å¤‡è§£åŽ‹ .../1-python3.12_3.12.7-3_amd64.deb  ...
æ­£åœ¨è§£åŽ‹ python3.12 (3.12.7-3) ...
å‡†å¤‡è§£åŽ‹ .../2-libpython3-stdlib_3.12.6-1_amd64.deb  ...
æ­£åœ¨è§£åŽ‹ libpython3-stdlib:amd64 (3.12.6-1) å¹¶è¦†ç›– (3.11.8-1) ...
å‡†å¤‡è§£åŽ‹ .../3-libtdb1_1.4.12-1_amd64.deb  ...
æ­£åœ¨è§£åŽ‹ libtdb1:amd64 (1.4.12-1) å¹¶è¦†ç›– (1.4.10-1) ...
æ­£åœ¨é€‰ä¸­æœªé€‰æ‹©çš„è½¯ä»¶åŒ… libpython3.12t64:amd64ã€‚
å‡†å¤‡è§£åŽ‹ .../4-libpython3.12t64_3.12.7-3_amd64.deb  ...
æ­£åœ¨è§£åŽ‹ libpython3.12t64:amd64 (3.12.7-3) ...
å‡†å¤‡è§£åŽ‹ .../5-samba-common_2%3a4.21.1+dfsg-2kali1_all.deb  ...
æ­£åœ¨è§£åŽ‹ samba-common (2:4.21.1+dfsg-2kali1) å¹¶è¦†ç›– (2:4.20.1+dfsg-1) ...
å‡†å¤‡è§£åŽ‹ .../6-libgpg-error0_1.50-4_amd64.deb  ...
æ­£åœ¨è§£åŽ‹ libgpg-error0:amd64 (1.50-4) å¹¶è¦†ç›– (1.49-2) ...
æ­£åœ¨è®¾ç½® libgpg-error0:amd64 (1.50-4) ...
æ­£åœ¨é€‰ä¸­æœªé€‰æ‹©çš„è½¯ä»¶åŒ… libassuan9:amd64ã€‚
(æ­£åœ¨è¯»å–æ•°æ®åº“ ... ç³»ç»Ÿå½“å‰å…±å®‰è£…æœ‰ 415426 ä¸ªæ–‡ä»¶å’Œç›®å½•ã€‚)
å‡†å¤‡è§£åŽ‹ .../libassuan9_3.0.1-2_amd64.deb  ...
æ­£åœ¨è§£åŽ‹ libassuan9:amd64 (3.0.1-2) ...
å‡†å¤‡è§£åŽ‹ .../libgpgme11t64_1.24.0-2_amd64.deb  ...
æ­£åœ¨è§£åŽ‹ libgpgme11t64:amd64 (1.24.0-2) å¹¶è¦†ç›– (1.18.0-4.1+b1) ...
å‡†å¤‡è§£åŽ‹ .../python3-zstandard_0.23.0-2+b1_amd64.deb  ...
æ­£åœ¨è§£åŽ‹ python3-zstandard (0.23.0-2+b1) å¹¶è¦†ç›– (0.22.0-1+b1) ...
å‡†å¤‡è§£åŽ‹ .../libzstd1_1.5.6+dfsg-1+b1_amd64.deb  ...
æ­£åœ¨è§£åŽ‹ libzstd1:amd64 (1.5.6+dfsg-1+b1) å¹¶è¦†ç›– (1.5.5+dfsg2-2) ...
æ­£åœ¨è®¾ç½® libzstd1:amd64 (1.5.6+dfsg-1+b1) ...
æ­£åœ¨é€‰ä¸­æœªé€‰æ‹©çš„è½¯ä»¶åŒ… libpython3.12-stdlib:amd64ã€‚
(æ­£åœ¨è¯»å–æ•°æ®åº“ ... ç³»ç»Ÿå½“å‰å…±å®‰è£…æœ‰ 415437 ä¸ªæ–‡ä»¶å’Œç›®å½•ã€‚)
å‡†å¤‡è§£åŽ‹ .../00-libpython3.12-stdlib_3.12.7-3_amd64.deb  ...
æ­£åœ¨è§£åŽ‹ libpython3.12-stdlib:amd64 (3.12.7-3) ...
æ­£åœ¨é€‰ä¸­æœªé€‰æ‹©çš„è½¯ä»¶åŒ… libpython3.12-dev:amd64ã€‚
å‡†å¤‡è§£åŽ‹ .../01-libpython3.12-dev_3.12.7-3_amd64.deb  ...
æ­£åœ¨è§£åŽ‹ libpython3.12-dev:amd64 (3.12.7-3) ...
æ­£åœ¨é€‰ä¸­æœªé€‰æ‹©çš„è½¯ä»¶åŒ… python3.12-devã€‚
å‡†å¤‡è§£åŽ‹ .../02-python3.12-dev_3.12.7-3_amd64.deb  ...
æ­£åœ¨è§£åŽ‹ python3.12-dev (3.12.7-3) ...
å‡†å¤‡è§£åŽ‹ .../03-libjs-sphinxdoc_7.4.7-4_all.deb  ...
æ­£åœ¨è§£åŽ‹ libjs-sphinxdoc (7.4.7-4) å¹¶è¦†ç›– (7.2.6-6) ...
å‡†å¤‡è§£åŽ‹ .../04-python3-pkg-resources_74.1.2-2_all.deb  ...
æ­£åœ¨è§£åŽ‹ python3-pkg-resources (74.1.2-2) å¹¶è¦†ç›– (68.1.2-2) ...
æ­£åœ¨é€‰ä¸­æœªé€‰æ‹©çš„è½¯ä»¶åŒ… python3-croniterã€‚
å‡†å¤‡è§£åŽ‹ .../05-python3-croniter_2.0.7-2_all.deb  ...
æ­£åœ¨è§£åŽ‹ python3-croniter (2.0.7-2) ...
æ­£åœ¨é€‰ä¸­æœªé€‰æ‹©çš„è½¯ä»¶åŒ… python3-elasticsearchã€‚
å‡†å¤‡è§£åŽ‹ .../06-python3-elasticsearch_7.17.6-1_all.deb  ...
æ­£åœ¨è§£åŽ‹ python3-elasticsearch (7.17.6-1) ...
å‡†å¤‡è§£åŽ‹ .../07-python3-faraday-agent-parameters-types_1.7.2-0kali1_all.deb  ...
æ­£åœ¨è§£åŽ‹ python3-faraday-agent-parameters-types (1.7.2-0kali1) å¹¶è¦†ç›– (1.5.1-0kali1) ...
å‡†å¤‡è§£åŽ‹ .../08-python3-faraday-plugins_1.19.1-0kali1_all.deb  ...
æ­£åœ¨è§£åŽ‹ python3-faraday-plugins (1.19.1-0kali1) å¹¶è¦†ç›– (1.17.0-0kali1) ...
æ­£åœ¨é€‰ä¸­æœªé€‰æ‹©çš„è½¯ä»¶åŒ… winbindã€‚
å‡†å¤‡è§£åŽ‹ .../09-winbind_2%3a4.21.1+dfsg-2kali1_amd64.deb  ...
æ­£åœ¨è§£åŽ‹ winbind (2:4.21.1+dfsg-2kali1) ...
æ­£åœ¨é€‰ä¸­æœªé€‰æ‹©çš„è½¯ä»¶åŒ… samba-ad-dcã€‚
å‡†å¤‡è§£åŽ‹ .../10-samba-ad-dc_2%3a4.21.1+dfsg-2kali1_amd64.deb  ...
æ­£åœ¨æ·»åŠ  é€šè¿‡ samba-ad-dc ä»Ž /lib/systemd/system/samba-ad-dc.service åˆ° /lib/systemd/system/samba-ad-dc.service.usr-is-merged çš„è½¬ç§»
æ­£åœ¨è§£åŽ‹ samba-ad-dc (2:4.21.1+dfsg-2kali1) ...
å‡†å¤‡è§£åŽ‹ .../11-g++-x86-64-linux-gnu_4%3a14.2.0-1_amd64.deb  ...
æ­£åœ¨è§£åŽ‹ g++-x86-64-linux-gnu (4:14.2.0-1) å¹¶è¦†ç›– (4:13.2.0-7) ...
å‡†å¤‡è§£åŽ‹ .../12-g++_4%3a14.2.0-1_amd64.deb  ...
æ­£åœ¨è§£åŽ‹ g++ (4:14.2.0-1) å¹¶è¦†ç›– (4:13.2.0-7) ...
å‡†å¤‡è§£åŽ‹ .../13-gcc-x86-64-linux-gnu_4%3a14.2.0-1_amd64.deb  ...
æ­£åœ¨è§£åŽ‹ gcc-x86-64-linux-gnu (4:14.2.0-1) å¹¶è¦†ç›– (4:13.2.0-7) ...
å‡†å¤‡è§£åŽ‹ .../14-gcc_4%3a14.2.0-1_amd64.deb  ...
æ­£åœ¨è§£åŽ‹ gcc (4:14.2.0-1) å¹¶è¦†ç›– (4:13.2.0-7) ...
å‡†å¤‡è§£åŽ‹ .../15-cpp-x86-64-linux-gnu_4%3a14.2.0-1_amd64.deb  ...
æ­£åœ¨è§£åŽ‹ cpp-x86-64-linux-gnu (4:14.2.0-1) å¹¶è¦†ç›– (4:13.2.0-7) ...
å‡†å¤‡è§£åŽ‹ .../16-cpp_4%3a14.2.0-1_amd64.deb  ...
æ­£åœ¨è§£åŽ‹ cpp (4:14.2.0-1) å¹¶è¦†ç›– (4:13.2.0-7) ...
æ­£åœ¨é€‰ä¸­æœªé€‰æ‹©çš„è½¯ä»¶åŒ… libstdc++-14-dev:amd64ã€‚
å‡†å¤‡è§£åŽ‹ .../17-libstdc++-14-dev_14.2.0-8_amd64.deb  ...
æ­£åœ¨è§£åŽ‹ libstdc++-14-dev:amd64 (14.2.0-8) ...
æ­£åœ¨é€‰ä¸­æœªé€‰æ‹©çš„è½¯ä»¶åŒ… g++-14-x86-64-linux-gnuã€‚
å‡†å¤‡è§£åŽ‹ .../18-g++-14-x86-64-linux-gnu_14.2.0-8_amd64.deb  ...
æ­£åœ¨è§£åŽ‹ g++-14-x86-64-linux-gnu (14.2.0-8) ...
æ­£åœ¨é€‰ä¸­æœªé€‰æ‹©çš„è½¯ä»¶åŒ… g++-14ã€‚
å‡†å¤‡è§£åŽ‹ .../19-g++-14_14.2.0-8_amd64.deb  ...
æ­£åœ¨è§£åŽ‹ g++-14 (14.2.0-8) ...
å‡†å¤‡è§£åŽ‹ .../20-dpkg-dev_1.22.11+kali2_all.deb  ...
æ­£åœ¨è§£åŽ‹ dpkg-dev (1.22.11+kali2) å¹¶è¦†ç›– (1.22.6+kali1) ...
å‡†å¤‡è§£åŽ‹ .../21-libdpkg-perl_1.22.11+kali2_all.deb  ...
æ­£åœ¨è§£åŽ‹ libdpkg-perl (1.22.11+kali2) å¹¶è¦†ç›– (1.22.6+kali1) ...
å‡†å¤‡è§£åŽ‹ .../22-build-essential_12.12_amd64.deb  ...
æ­£åœ¨è§£åŽ‹ build-essential (12.12) å¹¶è¦†ç›– (12.10) ...
å‡†å¤‡è§£åŽ‹ .../23-libdw1t64_0.192-4_amd64.deb  ...
æ­£åœ¨è§£åŽ‹ libdw1t64:amd64 (0.192-4) å¹¶è¦†ç›– (0.191-1+b1) ...
å‡†å¤‡è§£åŽ‹ .../24-libelf1t64_0.192-4_amd64.deb  ...
æ­£åœ¨è§£åŽ‹ libelf1t64:amd64 (0.192-4) å¹¶è¦†ç›– (0.191-1+b1) ...
æ­£åœ¨é€‰ä¸­æœªé€‰æ‹©çš„è½¯ä»¶åŒ… libzstd-dev:amd64ã€‚
å‡†å¤‡è§£åŽ‹ .../25-libzstd-dev_1.5.6+dfsg-1+b1_amd64.deb  ...
æ­£åœ¨è§£åŽ‹ libzstd-dev:amd64 (1.5.6+dfsg-1+b1) ...
æ­£åœ¨é€‰ä¸­æœªé€‰æ‹©çš„è½¯ä»¶åŒ… libelf-dev:amd64ã€‚
å‡†å¤‡è§£åŽ‹ .../26-libelf-dev_0.192-4_amd64.deb  ...
æ­£åœ¨è§£åŽ‹ libelf-dev:amd64 (0.192-4) ...
æ­£åœ¨é€‰ä¸­æœªé€‰æ‹©çš„è½¯ä»¶åŒ… libnss-winbind:amd64ã€‚
å‡†å¤‡è§£åŽ‹ .../27-libnss-winbind_2%3a4.21.1+dfsg-2kali1_amd64.deb  ...
æ­£åœ¨è§£åŽ‹ libnss-winbind:amd64 (2:4.21.1+dfsg-2kali1) ...
æ­£åœ¨é€‰ä¸­æœªé€‰æ‹©çš„è½¯ä»¶åŒ… libpam-winbind:amd64ã€‚
å‡†å¤‡è§£åŽ‹ .../28-libpam-winbind_2%3a4.21.1+dfsg-2kali1_amd64.deb  ...
æ­£åœ¨è§£åŽ‹ libpam-winbind:amd64 (2:4.21.1+dfsg-2kali1) ...
æ­£åœ¨é€‰ä¸­æœªé€‰æ‹©çš„è½¯ä»¶åŒ… mokutilã€‚
å‡†å¤‡è§£åŽ‹ .../29-mokutil_0.6.0-2+b1_amd64.deb  ...
æ­£åœ¨è§£åŽ‹ mokutil (0.6.0-2+b1) ...
å‡†å¤‡è§£åŽ‹ .../30-openssl_3.3.2-2_amd64.deb  ...
æ­£åœ¨è§£åŽ‹ openssl (3.3.2-2) å¹¶è¦†ç›– (3.2.1-3) ...
å‡†å¤‡è§£åŽ‹ .../31-python3-gpg_1.24.0-2_amd64.deb  ...
æ­£åœ¨è§£åŽ‹ python3-gpg (1.24.0-2) å¹¶è¦†ç›– (1.18.0-4.1+b1) ...
å‡†å¤‡è§£åŽ‹ .../32-tdb-tools_1.4.12-1_amd64.deb  ...
æ­£åœ¨è§£åŽ‹ tdb-tools (1.4.12-1) å¹¶è¦†ç›– (1.4.10-1) ...
å‡†å¤‡è§£åŽ‹ .../33-zstd_1.5.6+dfsg-1+b1_amd64.deb  ...
æ­£åœ¨è§£åŽ‹ zstd (1.5.6+dfsg-1+b1) å¹¶è¦†ç›– (1.5.5+dfsg2-2) ...
æ­£åœ¨è®¾ç½® cpp-x86-64-linux-gnu (4:14.2.0-1) ...
æ­£åœ¨è®¾ç½® mokutil (0.6.0-2+b1) ...
æ­£åœ¨è®¾ç½® libzstd-dev:amd64 (1.5.6+dfsg-1+b1) ...
æ­£åœ¨è®¾ç½® libpython3.12-stdlib:amd64 (3.12.7-3) ...
æ­£åœ¨è®¾ç½® gcc-x86-64-linux-gnu (4:14.2.0-1) ...
æ­£åœ¨è®¾ç½® samba-vfs-modules (2:4.21.1+dfsg-2kali1) ...
æ­£åœ¨è®¾ç½® libtdb1:amd64 (1.4.12-1) ...
æ­£åœ¨è®¾ç½® python3.12 (3.12.7-3) ...
æ­£åœ¨è®¾ç½® samba-common (2:4.21.1+dfsg-2kali1) ...
æ­£åœ¨è®¾ç½® libwbclient0:amd64 (2:4.21.1+dfsg-2kali1) ...
æ­£åœ¨è®¾ç½® libelf1t64:amd64 (0.192-4) ...
æ­£åœ¨è®¾ç½® libdw1t64:amd64 (0.192-4) ...
æ­£åœ¨è®¾ç½® libtalloc2:amd64 (2.4.2-1+b3) ...
æ­£åœ¨è®¾ç½® libpython3.12t64:amd64 (3.12.7-3) ...
æ­£åœ¨è®¾ç½® tdb-tools (1.4.12-1) ...
update-alternatives: ä½¿ç”¨ /usr/bin/tdbbackup.tdbtools æ¥åœ¨è‡ªåŠ¨æ¨¡å¼ä¸­æä¾› /usr/bin/tdbbackup (tdbbackup)
æ­£åœ¨è®¾ç½® libelf-dev:amd64 (0.192-4) ...
æ­£åœ¨è®¾ç½® libjs-sphinxdoc (7.4.7-4) ...
æ­£åœ¨è®¾ç½® libdpkg-perl (1.22.11+kali2) ...
æ­£åœ¨è®¾ç½® cpp (4:14.2.0-1) ...
æ­£åœ¨è®¾ç½® libassuan9:amd64 (3.0.1-2) ...
æ­£åœ¨è®¾ç½® samba-ad-provision (2:4.21.1+dfsg-2kali1) ...
æ­£åœ¨è®¾ç½® libgpgme11t64:amd64 (1.24.0-2) ...
æ­£åœ¨è®¾ç½® libldb2:amd64 (2:2.10.0+samba4.21.1+dfsg-2kali1) ...
æ­£åœ¨è®¾ç½® openssl (3.3.2-2) ...
æ­£åœ¨è®¾ç½® libstdc++-14-dev:amd64 (14.2.0-8) ...
æ­£åœ¨è®¾ç½® zstd (1.5.6+dfsg-1+b1) ...
æ­£åœ¨è®¾ç½® libpython3-stdlib:amd64 (3.12.6-1) ...
æ­£åœ¨è®¾ç½® samba-libs:amd64 (2:4.21.1+dfsg-2kali1) ...
æ­£åœ¨è®¾ç½® python3 (3.12.6-1) ...
running python rtupdate hooks for python3.12...
/usr/share/commix/src/core/injections/controller/checks.py:683: SyntaxWarning: invalid escape sequence '\$'
  if "\$" in cmd :
/usr/share/commix/src/core/injections/controller/checks.py:684: SyntaxWarning: invalid escape sequence '\$'
  cmd = cmd.replace("\$","$")
/usr/share/commix/src/core/injections/results_based/techniques/classic/cb_injector.py:287: SyntaxWarning: invalid escape sequence '\/'
  shell = [backslash.replace("\/","/") for backslash in shell]
/usr/share/commix/src/core/injections/semiblind/techniques/file_based/fb_handler.py:103: SyntaxWarning: invalid escape sequence '\T'
  settings.TMP_PATH = "C:\\Windows\TEMP\\"
/usr/share/commix/src/core/modules/shellshock/shellshock.py:101: SyntaxWarning: invalid escape sequence '\$'
  cmd = re.findall(r"" + "\$(.*)", settings.IS_ROOT)
/usr/share/commix/src/core/requests/headers.py:323: SyntaxWarning: invalid escape sequence '\w'
  authobj = re.match('''(\w*)\s+realm=(.*),''',authline).groups()
/usr/share/commix/src/core/requests/parameters.py:175: SyntaxWarning: invalid escape sequence '\S'
  elif re.search(r"" + settings.PARAMETER_DELIMITER + "(.*)=[\S*(\\/)]*" + settings.INJECT_TAG, url) or \
/usr/share/commix/src/core/requests/parameters.py:397: SyntaxWarning: invalid escape sequence '\S'
  if re.search(r"" + settings.PARAMETER_DELIMITER + "(.*)=[\S*(\\/)]*" + settings.INJECT_TAG, parameter) or \
/usr/share/commix/src/core/requests/parameters.py:561: SyntaxWarning: invalid escape sequence '\S'
  if re.search(r"" + settings.COOKIE_DELIMITER + "(.*)=[\S*(\\/)]*" + settings.INJECT_TAG, cookie) or \
/usr/share/commix/src/core/requests/requests.py:120: SyntaxWarning: invalid escape sequence '\w'
  auth_obj = re.match('''(\w*)\s+realm=(.*)''', auth_line).groups()
/usr/share/commix/src/core/tamper/backslashes.py:21: SyntaxWarning: invalid escape sequence '\)'
  """
/usr/share/commix/src/core/tamper/caret.py:34: SyntaxWarning: invalid escape sequence '\w'
  if re.compile("\w+").findall(payload):
/usr/share/commix/src/core/tamper/caret.py:36: SyntaxWarning: invalid escape sequence '\w'
  if len(max(re.compile("\w+").findall(payload), key=lambda word: len(word))) >= 5000:
/usr/share/commix/src/core/tamper/caret.py:37: SyntaxWarning: invalid escape sequence '\w'
  long_string = max(re.compile("\w+").findall(payload), key=lambda word: len(word))
/usr/share/commix/src/core/tamper/sleep2timeout.py:38: SyntaxWarning: invalid escape sequence '\d'
  for match in re.finditer(r"sleep" + settings.WHITESPACES[0] + "([1-9]\d+|[0-9])", payload):
/usr/share/commix/src/core/tamper/sleep2usleep.py:36: SyntaxWarning: invalid escape sequence '\d'
  for match in re.finditer(r"sleep" + settings.WHITESPACES[0] + "([1-9]\d+|[0-9])", payload):
/usr/share/commix/src/core/tamper/space2ifs.py:31: SyntaxWarning: invalid escape sequence '\$'
  settings.WHITESPACES[0] = "\${IFS}"
/usr/share/commix/src/thirdparty/colorama/ansitowin32.py:49: SyntaxWarning: invalid escape sequence '\['
  ANSI_CSI_RE = re.compile('\001?\033\[((?:\d|;)*)([a-zA-Z])\002?')     # Control Sequence Introducer
/usr/share/commix/src/thirdparty/colorama/ansitowin32.py:50: SyntaxWarning: invalid escape sequence '\]'
  ANSI_OSC_RE = re.compile('\001?\033\]((?:.|;)*?)(\x07)\002?')         # Operating System Command
/usr/share/commix/src/utils/common.py:234: SyntaxWarning: invalid escape sequence '\s'
  match = re.search(r"(?i)commix.+("+str(item)+")(\s+|=)([^-]+)", err_msg)
/usr/share/commix/src/utils/common.py:349: SyntaxWarning: invalid escape sequence '\g'
  exc_msg = re.sub(r'".+?[/\\](\w+\.py)', "\"\g<1>", exc_msg)
/usr/share/commix/src/utils/menu.py:33: SyntaxWarning: invalid escape sequence '\_'
  print("""                                      __
/usr/share/commix/src/utils/menu.py:35: SyntaxWarning: invalid escape sequence '\ '
  /`___\ / __`\ /' __` __`\ /' __` __`\/\ \ /\ \/'\  """ + settings.COLOR_VERSION + """
/usr/share/commix/src/utils/menu.py:37: SyntaxWarning: invalid escape sequence '\/'
  \ \____\ \____/\ \_\ \_\ \_\ \_\ \_\ \_\ \_\\/\_/\\_\\ """ + Fore.GREY + Style.UNDERLINE + settings.APPLICATION_URL + Style.RESET_ALL + """
/usr/share/commix/src/utils/settings.py:597: SyntaxWarning: invalid escape sequence '\$'
  EVAL_SYS_USERS = "awk -F ':' '{print \$1}{print \$3}{print \$6}' " + PASSWD_FILE
/usr/share/commix/src/utils/settings.py:607: SyntaxWarning: invalid escape sequence '\s'
  WIN_REPLACE_WHITESPACE = "-replace('\s+',' '))"
/usr/share/commix/src/utils/settings.py:704: SyntaxWarning: invalid escape sequence '\w'
  VALID_URL_FORMAT = "https?://(?:www)?(?:[\w-]{2,255}(?:\.\w{2,6}){1,2})(?:/[\w&%?#-]{1,310})?"
/usr/share/fern-wifi-cracker/core/fern.py:257: SyntaxWarning: invalid escape sequence '\d'
  online_files = re.compile('total_files = \d+', re.IGNORECASE)
/usr/share/fern-wifi-cracker/core/fern.py:323: SyntaxWarning: invalid escape sequence '\d'
  online_version = re.compile('version = \d+\.?\d+', re.IGNORECASE)
/usr/share/fern-wifi-cracker/core/fern.py:523: SyntaxWarning: invalid escape sequence '\d'
  regex = re.compile("mon\d", re.IGNORECASE)
/usr/share/fern-wifi-cracker/core/fern.py:527: SyntaxWarning: invalid escape sequence '\d'
  regex = re.compile("wlan\dmon", re.IGNORECASE)
/usr/share/fern-wifi-cracker/core/toolbox/MITM_Core.py:194: SyntaxWarning: invalid escape sequence '\d'
  regex = "inet addr:((\d+.){3}\d+)"
/usr/share/fern-wifi-cracker/core/toolbox/fern_cookie_hijacker.py:250: SyntaxWarning: invalid escape sequence '\d'
  monitor_interface = re.findall("mon\d+",monitor_output[1])
/usr/share/fern-wifi-cracker/core/toolbox/fern_cookie_hijacker.py:552: SyntaxWarning: invalid escape sequence '\d'
  if(not re.match("(\d+.){3}\d+",ip_wep_edit)):
/usr/share/fern-wifi-cracker/core/toolbox/fern_ray_fusion.py:296: SyntaxWarning: invalid escape sequence '\S'
  valid_http = re.compile("^(https|http)://\S*",re.IGNORECASE)            # HTTP/HTTPS url regular expression
/usr/share/fern-wifi-cracker/core/variables.py:84: SyntaxWarning: invalid escape sequence '\:'
  return bool(re.match('^' + '[\:\-]'.join(['([0-9a-f]{2})'] * 6) + '$', data.lower()))
/usr/share/fern-wifi-cracker/core/wep.py:170: SyntaxWarning: invalid escape sequence '\S'
  actual_key = re.findall("WEP KEY: ([\S \w]+)</font>",key_string)
/usr/share/fern-wifi-cracker/core/wep.py:181: SyntaxWarning: invalid escape sequence '\S'
  actual_key = re.findall("WEP KEY: ([\S \w]+)</font>",self.original_key)
/usr/share/fern-wifi-cracker/core/wep.py:192: SyntaxWarning: invalid escape sequence '\S'
  actual_key = re.findall("WPS PIN: ([\S \w]+)</font>",key_string)
/usr/share/fern-wifi-cracker/core/wpa.py:156: SyntaxWarning: invalid escape sequence '\S'
  actual_key = re.findall("WPS PIN: ([\S \w]+)</font>",key_string)
/usr/share/fern-wifi-cracker/core/wpa.py:161: SyntaxWarning: invalid escape sequence '\S'
  actual_key = re.findall("WPA KEY: ([\S \w]+)</font>",key_string)
/usr/share/fern-wifi-cracker/core/wpa.py:544: SyntaxWarning: invalid escape sequence '\w'
  current_word_regex = re.compile("Current passphrase: ([\w\s!@#$%^&*()-=_+]+)",re.IGNORECASE)
/usr/share/fern-wifi-cracker/core/wpa.py:545: SyntaxWarning: invalid escape sequence '\d'
  keys_speed_regex = re.compile("(\d+.?\d+) k/s",re.IGNORECASE)
/usr/share/fern-wifi-cracker/core/wpa.py:546: SyntaxWarning: invalid escape sequence '\d'
  keys_tested_regex = re.compile("(\d+) keys tested",re.IGNORECASE)
/usr/share/fern-wifi-cracker/core/wps.py:126: SyntaxWarning: invalid escape sequence '\S'
  wps_key_regex = re.compile(": '(\S+)'",re.IGNORECASE)
/usr/share/fern-wifi-cracker/core/wps.py:127: SyntaxWarning: invalid escape sequence '\d'
  wps_pin_regex = re.compile("WPS PIN: '(\d+)'",re.IGNORECASE)
/usr/share/fern-wifi-cracker/core/wps.py:128: SyntaxWarning: invalid escape sequence '\d'
  progress_regex = re.compile("(\d+\.\d+)%",re.IGNORECASE)
/usr/share/john/adxcsouf2john.py:98: SyntaxWarning: invalid escape sequence '\ '
  matches = re.findall(b'([a-zA-Z0-9_-]{3,9})\ (\d{8})', data)
/usr/share/john/aix2john.py:36: SyntaxWarning: invalid escape sequence '\s'
  if re.match('^\s*\S+\s*:\s*$',line):
/usr/share/john/dashlane2john.py:75: SyntaxWarning: invalid escape sequence '\D'
  sys.stderr.write("\nThe required .aes files can be found inside %AppData%\Dashlane\profiles directory tree on Windows.\n")
/usr/share/john/dashlane2john.py:76: SyntaxWarning: invalid escape sequence '\ '
  sys.stderr.write("\nThe required .aes files can be found inside ~/Library/Application\ Support/Dashlane/profiles/ directory tree on macOS.\n")
/usr/share/john/dns/rdata.py:277: SyntaxWarning: invalid escape sequence '\#'
  if not token.is_identifier() or token.value != '\#':
/usr/share/john/ejabberd2john.py:80: SyntaxWarning: invalid escape sequence '\s'
  grammar = Grammar("""\
/usr/share/john/vmx2john.py:26: SyntaxWarning: invalid escape sequence '\)'
  ks_re = '.+phrase/(.*?)/pass2key=(.*?):cipher=(.*?):rounds=(.*?):salt=(.*?),(.*?),(.*?)\)'
/usr/share/kali-undercover/scripts/desktopconfig.py:274: SyntaxWarning: invalid escape sequence '\s'
  if re.match('^' + fallback_monitor + '[^/\s]+$', pp):
/usr/share/kali-undercover/scripts/desktopconfig.py:279: SyntaxWarning: invalid escape sequence '\d'
  w = re.search('^/backdrop/screen\d/monitor[^/]+/workspace\d/', pp)
/usr/share/legion/app/auxiliary.py:162: SyntaxWarning: invalid escape sequence '\['
  string = '\[[0-9]+\]\[[a-z-]+\].+'  # when a password is found, the line contains [port#][plugin-name]
/usr/share/legion/app/auxiliary.py:166: SyntaxWarning: invalid escape sequence '\s'
  login = re.search('(login:[\s]*)([^\s]+)', line)
/usr/share/legion/app/auxiliary.py:170: SyntaxWarning: invalid escape sequence '\s'
  password = re.search('(password:[\s]*)([^\s]+)', line)
/usr/share/legion/app/auxiliary.py:339: SyntaxWarning: invalid escape sequence '\.'
  if re.search('[^a-zA-Z0-9\.\/\-\s]', text) != None:
/usr/share/legion/app/auxiliary.py:369: SyntaxWarning: invalid escape sequence '\.'
  if re.search('[^a-zA-Z0-9\.\/\-\'\"\*\,\:\s]', text) != None:
/usr/share/powershell-empire/empire/client/src/menus/ShellMenu.py:62: SyntaxWarning: invalid escape sequence '\)'
  task_id: int = state.agent_shell(session_id, "(Resolve-Path .\).Path")["id"]
/usr/share/powershell-empire/empire/client/src/menus/ShellMenu.py:68: SyntaxWarning: invalid escape sequence '\)'
  task_id: int = state.agent_shell(session_id, "(Resolve-Path .\).Path")["id"]
/usr/share/powershell-empire/empire/server/common/encryption.py:214: SyntaxWarning: invalid escape sequence '\]'
  string.ascii_letters + string.digits + "!#$%&()*+,-./:;<=>?@[\]^_`{|}~", 32
/usr/share/powershell-empire/empire/server/common/helpers.py:268: SyntaxWarning: invalid escape sequence '\$'
  if re.search("\$Netapi32|\$Advapi32|\$Kernel32|\$Wtsapi32", code, re.IGNORECASE):
/usr/share/powershell-empire/empire/server/common/pylnk.py:198: SyntaxWarning: invalid escape sequence '\w'
  _DRIVE_PATTERN = re.compile("(\w)[:/\\\\]*$")
/usr/share/powershell-empire/empire/server/common/stagers.py:56: SyntaxWarning: invalid escape sequence '\l'
  + '" -outfile "launcher.bat"; Start-Process -FilePath .\launcher.bat -Wait -passthru -WindowStyle Hidden;'
/usr/share/powershell-empire/empire/server/data/agent/ironpython_agent.py:1391: SyntaxWarning: invalid escape sequence '\$'
  """
/usr/share/powershell-empire/empire/server/data/module_source/python/privesc/linuxprivchecker.py:336: SyntaxWarning: invalid escape sequence '\('
  "cmd": "find / \( -wholename '/home/homedir*' -prune \) -o \( -type d -perm -0002 \) -exec ls -ld '{}' ';' 2>/dev/null | grep root",
/usr/share/powershell-empire/empire/server/data/module_source/python/privesc/linuxprivchecker.py:341: SyntaxWarning: invalid escape sequence '\('
  "cmd": "find / \( -wholename '/home/homedir*' -prune \) -o \( -type d -perm -0002 \) -exec ls -ld '{}' ';' 2>/dev/null | grep -v root",
/usr/share/powershell-empire/empire/server/data/module_source/python/privesc/linuxprivchecker.py:346: SyntaxWarning: invalid escape sequence '\('
  "cmd": "find / \( -wholename '/home/homedir/*' -prune -o -wholename '/proc/*' -prune \) -o \( -type f -perm -0002 \) -exec ls -l '{}' ';' 2>/dev/null",
/usr/share/powershell-empire/empire/server/data/module_source/python/privesc/linuxprivchecker.py:351: SyntaxWarning: invalid escape sequence '\('
  "cmd": "find / \( -perm -2000 -o -perm -4000 \) -exec ls -ld {} \; 2>/dev/null",
/usr/share/powershell-empire/empire/server/data/module_source/python/privesc/linuxprivchecker.py:1174: SyntaxWarning: invalid escape sequence '\_'
  """
/usr/share/powershell-empire/empire/server/listeners/http.py:146: SyntaxWarning: invalid escape sequence '\]'
  "Description": "Proxy credentials ([domain\]username:password) to use for request (default, none, or other).",
/usr/share/powershell-empire/empire/server/listeners/http_hop.py:258: SyntaxWarning: invalid escape sequence '\ '
  'cmd = "ps -ef | grep Little\ Snitch | grep -v grep"\n'
/usr/share/powershell-empire/empire/server/listeners/http_malleable.py:121: SyntaxWarning: invalid escape sequence '\]'
  "Description": "Proxy credentials ([domain\]username:password) to use for request (default, none, or other).",
/usr/share/powershell-empire/empire/server/listeners/template.py:124: SyntaxWarning: invalid escape sequence '\]'
  "Description": "Proxy credentials ([domain\]username:password) to use for request (default, none, or other).",
/usr/share/powershell-empire/empire/server/modules/powershell/management/spawnas.py:60: SyntaxWarning: invalid escape sequence '\d'
  script_end = '$tempLoc = "$env:public\debug.bat"'
/usr/share/powershell-empire/empire/server/modules/powershell/management/spawnas.py:73: SyntaxWarning: invalid escape sequence '\d'
  script_end += '-Cmd "$env:public\debug.bat"'
/usr/share/powershell-empire/empire/server/modules/powershell/persistence/elevated/schtasks.py:162: SyntaxWarning: invalid escape sequence '\p'
  "'C:\\Windows\\System32\\WindowsPowerShell\\v1.0\powershell.exe -NonI -W hidden -c \\\"IEX ([Text.Encoding]::UNICODE.GetString([Convert]::FromBase64String("
/usr/share/powershell-empire/empire/server/modules/powershell/persistence/elevated/wmi.py:155: SyntaxWarning: invalid escape sequence '\C'
  + "';EventNameSpace='root\CimV2';QueryLanguage=\"WQL\";Query=\"SELECT * FROM __InstanceCreationEvent WITHIN 60 WHERE TargetInstance ISA 'Win32_NTLogEvent' AND TargetInstance.EventCode='4625' AND TargetInstance.Message LIKE '%"
/usr/share/powershell-empire/empire/server/modules/powershell/persistence/elevated/wmi.py:207: SyntaxWarning: invalid escape sequence '\C'
  + "';EventNameSpace='root\CimV2';QueryLanguage=\"WQL\";Query=\"SELECT * FROM __InstanceModificationEvent WITHIN 60 WHERE TargetInstance ISA 'Win32_LocalTime'"
/usr/share/powershell-empire/empire/server/modules/powershell/persistence/elevated/wmi.py:226: SyntaxWarning: invalid escape sequence '\C'
  + "';EventNameSpace='root\CimV2';QueryLanguage=\"WQL\";Query=\"SELECT * FROM __InstanceModificationEvent WITHIN 60 WHERE TargetInstance ISA 'Win32_LocalTime'"
/usr/share/powershell-empire/empire/server/modules/powershell/persistence/elevated/wmi.py:243: SyntaxWarning: invalid escape sequence '\C'
  + "';EventNameSpace='root\CimV2';QueryLanguage=\"WQL\";Query=\"SELECT * FROM __InstanceModificationEvent WITHIN 60 WHERE TargetInstance ISA 'Win32_PerfFormattedData_PerfOS_System' AND TargetInstance.SystemUpTime >= 240 AND TargetInstance.SystemUpTime < 325\"};"
/usr/share/powershell-empire/empire/server/modules/powershell/persistence/elevated/wmi_updater.py:164: SyntaxWarning: invalid escape sequence '\C'
  + "';EventNameSpace='root\CimV2';QueryLanguage=\"WQL\";Query=\"SELECT * FROM __InstanceModificationEvent WITHIN 60 WHERE TargetInstance ISA 'Win32_LocalTime'"
/usr/share/powershell-empire/empire/server/modules/powershell/persistence/elevated/wmi_updater.py:183: SyntaxWarning: invalid escape sequence '\C'
  + "';EventNameSpace='root\CimV2';QueryLanguage=\"WQL\";Query=\"SELECT * FROM __InstanceModificationEvent WITHIN 60 WHERE TargetInstance ISA 'Win32_LocalTime'"
/usr/share/powershell-empire/empire/server/modules/powershell/persistence/elevated/wmi_updater.py:200: SyntaxWarning: invalid escape sequence '\C'
  + "';EventNameSpace='root\CimV2';QueryLanguage=\"WQL\";Query=\"SELECT * FROM __InstanceModificationEvent WITHIN 60 WHERE TargetInstance ISA 'Win32_PerfFormattedData_PerfOS_System' AND TargetInstance.SystemUpTime >= 240 AND TargetInstance.SystemUpTime < 325\"};"
/usr/share/powershell-empire/empire/server/modules/python/persistence/osx/loginhook.py:18: SyntaxWarning: invalid escape sequence '\$'
  password = password.replace("$", "\$")
/usr/share/powershell-empire/empire/server/modules/python/persistence/osx/loginhook.py:19: SyntaxWarning: invalid escape sequence '\$'
  password = password.replace("$", "\$")
/usr/share/powershell-empire/empire/server/modules/python/persistence/osx/loginhook.py:20: SyntaxWarning: invalid escape sequence '\!'
  password = password.replace("!", "\!")
/usr/share/powershell-empire/empire/server/modules/python/persistence/osx/loginhook.py:21: SyntaxWarning: invalid escape sequence '\!'
  password = password.replace("!", "\!")
/usr/share/powershell-empire/empire/server/modules/python/persistence/osx/mail.py:132: SyntaxWarning: invalid escape sequence '\ '
  script = """
/usr/share/powershell-empire/empire/server/modules/python/situational_awareness/host/osx/situational_awareness.py:26: SyntaxWarning: invalid escape sequence '\ '
  script += """
/usr/share/powershell-empire/empire/server/stagers/multi/launcher.py:84: SyntaxWarning: invalid escape sequence '\]'
  "Description": "Proxy credentials ([domain\]username:password) to use for request (default, none, or other).",
/usr/share/powershell-empire/empire/server/stagers/multi/macro.py:95: SyntaxWarning: invalid escape sequence '\]'
  "Description": "Proxy credentials ([domain\]username:password) to use for request (default, none, or other).",
/usr/share/powershell-empire/empire/server/stagers/multi/macro.py:206: SyntaxWarning: invalid escape sequence '\c'
  macro = """#If Mac Then
/usr/share/powershell-empire/empire/server/stagers/multi/war.py:82: SyntaxWarning: invalid escape sequence '\]'
  "Description": "Proxy credentials ([domain\]username:password) to use for request (default, none, or other).",
/usr/share/powershell-empire/empire/server/stagers/windows/backdoorLnkMacro.py:137: SyntaxWarning: invalid escape sequence '\]'
  "Description": "Proxy credentials ([domain\]username:password) to use for request (default, none, "
/usr/share/powershell-empire/empire/server/stagers/windows/backdoorLnkMacro.py:381: SyntaxWarning: invalid escape sequence '\d'
  launch_string2 = ");$u=New-Object -comObject wscript.shell;gci -Pa $env:USERPROFILE\desktop -Fi *.lnk|%{$l=$u.createShortcut($_.FullName);if($l.arguments-like'*xml.xmldocument*'){$s=$l.arguments.IndexOf('''')+1;$r=$l.arguments.Substring($s, $l.arguments.IndexOf('''',$s)-$s);$l.targetPath=$r;$l.Arguments='';$l.Save()}};$b=New-Object System.Xml.XmlDocument;if([int](get-date -U "
/usr/share/powershell-empire/empire/server/stagers/windows/bunny.py:100: SyntaxWarning: invalid escape sequence '\]'
  "Description": "Proxy credentials ([domain\]username:password) to use for request (default, none, or other).",
/usr/share/powershell-empire/empire/server/stagers/windows/cmd_exec.py:80: SyntaxWarning: invalid escape sequence '\]'
  "Description": "Proxy credentials ([domain\]username:password) to use for request (default, none, or other).",
/usr/share/powershell-empire/empire/server/stagers/windows/csharp_exe.py:68: SyntaxWarning: invalid escape sequence '\]'
  "Description": "Proxy credentials ([domain\]username:password) to use for request (default, none, or other).",
/usr/share/powershell-empire/empire/server/stagers/windows/dll.py:62: SyntaxWarning: invalid escape sequence '\]'
  "Description": "Proxy credentials ([domain\]username:password) to use for request (default, none, or other).",
/usr/share/powershell-empire/empire/server/stagers/windows/ducky.py:85: SyntaxWarning: invalid escape sequence '\]'
  "Description": "Proxy credentials ([domain\]username:password) to use for request (default, none, or other).",
/usr/share/powershell-empire/empire/server/stagers/windows/generate_agent.py:56: SyntaxWarning: invalid escape sequence '\]'
  "Description": "Proxy credentials ([domain\]username:password) to use for request (default, none, or other).",
/usr/share/powershell-empire/empire/server/stagers/windows/hta.py:79: SyntaxWarning: invalid escape sequence '\]'
  "Description": "Proxy credentials ([domain\]username:password) to use for request (default, none, or other).",
/usr/share/powershell-empire/empire/server/stagers/windows/launcher_lnk.py:63: SyntaxWarning: invalid escape sequence '\w'
  "Value": "C:\windows\system32\WindowsPowershell\\v1.0\powershell.exe",
/usr/share/powershell-empire/empire/server/stagers/windows/launcher_lnk.py:68: SyntaxWarning: invalid escape sequence '\p'
  "Value": "C:\program files\windows nt\\accessories\wordpad.exe",
/usr/share/powershell-empire/empire/server/stagers/windows/launcher_lnk.py:93: SyntaxWarning: invalid escape sequence '\]'
  "Description": "Proxy credentials ([domain\]username:password) to use for request (default, none, or other).",
/usr/share/powershell-empire/empire/server/stagers/windows/launcher_sct.py:87: SyntaxWarning: invalid escape sequence '\]'
  "Description": "Proxy credentials ([domain\]username:password) to use for request (default, none, or other).",
/usr/share/powershell-empire/empire/server/stagers/windows/launcher_vbs.py:75: SyntaxWarning: invalid escape sequence '\]'
  "Description": "Proxy credentials ([domain\]username:password) to use for request (default, none, or other).",
/usr/share/powershell-empire/empire/server/stagers/windows/launcher_xml.py:70: SyntaxWarning: invalid escape sequence '\]'
  "Description": "Proxy credentials ([domain\]username:password) to use for request (default, none, or other).",
/usr/share/powershell-empire/empire/server/stagers/windows/macro.py:95: SyntaxWarning: invalid escape sequence '\]'
  "Description": "Proxy credentials ([domain\]username:password) to use for request (default, none, or other).",
/usr/share/powershell-empire/empire/server/stagers/windows/macro.py:210: SyntaxWarning: invalid escape sequence '\c'
  macro += '\tSet objWMIService = GetObject("winmgmts:\\\\" & strComputer & "\\root\cimv2")\n'
/usr/share/powershell-empire/empire/server/stagers/windows/ms16-051.py:82: SyntaxWarning: invalid escape sequence '\]'
  "Description": "Proxy credentials ([domain\]username:password) to use for request (default, none, or other).",
/usr/share/powershell-empire/empire/server/stagers/windows/nim.py:54: SyntaxWarning: invalid escape sequence '\]'
  "Description": "Proxy credentials ([domain\]username:password) to use for request (default, none, or other).",
/usr/share/powershell-empire/empire/server/stagers/windows/shellcode.py:74: SyntaxWarning: invalid escape sequence '\]'
  "Description": "Proxy credentials ([domain\]username:password) to use for request (default, none, or other).",
/usr/share/powershell-empire/empire/server/stagers/windows/teensy.py:70: SyntaxWarning: invalid escape sequence '\]'
  "Description": "Proxy credentials ([domain\]username:password) to use for request (default, none, or other).",
/usr/share/powershell-empire/empire/server/stagers/windows/wmic.py:84: SyntaxWarning: invalid escape sequence '\]'
  "Description": "Proxy credentials ([domain\]username:password) to use for request (default, none, or other).",
/usr/share/powershell-empire/empire/server/utils/listener_util.py:45: SyntaxWarning: invalid escape sequence '\ '
  """
/usr/share/responder/tools/MultiRelay/RelayMultiCore.py:1957: SyntaxWarning: invalid escape sequence '\p'
  Command          = "c:\\Windows\\Temp\\"+FileName+" \"rpc::server /protseq:ncacn_np /endpoint:\pipe\\"+NamedPipe+" /guid:{"+DisplayGUID+"} /noreg\" service::me exit"
/usr/share/responder/tools/MultiRelay/impacket-dev/impacket/dcerpc/v5/transport.py:33: SyntaxWarning: invalid escape sequence '\['
  +'([^\[]*)' # Network Address (opt.)
/usr/share/responder/tools/MultiRelay/impacket-dev/impacket/dcerpc/v5/transport.py:34: SyntaxWarning: invalid escape sequence '\['
  +'(?:\[([^\]]*)\])?') # Endpoint and options (opt.)
/usr/share/responder/tools/MultiRelay/impacket-dev/impacket/hresult_errors.py:197: SyntaxWarning: invalid escape sequence '\<'
  0x80004017: ("CO_E_RUNAS_SYNTAX", "A RunAs specification must be <domain name>\<user name> or simply <user name>."),
/usr/share/responder/tools/MultiRelay/impacket-dev/impacket/hresult_errors.py:285: SyntaxWarning: invalid escape sequence '\<'
  0x8001012C: ("CO_E_WRONGTRUSTEENAMESYNTAX", "One of the trustee strings provided by the user did not conform to the <Domain>\<Name> syntax and it was not the *\" string\"."),
/usr/share/responder/tools/MultiRelay/impacket-dev/impacket/uuid.py:41: SyntaxWarning: invalid escape sequence '\d'
  matches = re.match('([\dA-Fa-f]{8})-([\dA-Fa-f]{4})-([\dA-Fa-f]{4})-([\dA-Fa-f]{4})-([\dA-Fa-f]{4})([\dA-Fa-f]{8})', uuid)
/usr/share/responder/tools/MultiRelay/impacket-dev/impacket/uuid.py:71: SyntaxWarning: invalid escape sequence '\.'
  g =  re.search("([A-Fa-f0-9]{8}-[A-Fa-f0-9]{4}-[A-Fa-f0-9]{4}-[A-Fa-f0-9]{4}-[A-Fa-f0-9]{12}).*?([0-9]{1,5}\.[0-9]{1,5})",s+" 1.0")
/usr/share/set/modules/google_analytics_attack.py:74: SyntaxWarning: invalid escape sequence '\/'
  m = re.search('(https?:\/\/(.*?))\/(.*)',url)
/usr/share/set/modules/google_analytics_attack.py:86: SyntaxWarning: invalid escape sequence '\/'
  m = re.search('<title>(.*)<\/title>', r.text)
/usr/share/set/src/core/fasttrack.py:420: SyntaxWarning: invalid escape sequence '\ '
  print (""".______       __   _______         _______ .__   __.  __    __  .___  ___.
/usr/share/set/src/core/setcore.py:1368: SyntaxWarning: invalid escape sequence '\d'
  a = re.search("\d+/%s" % (flag), stdout_value)
/usr/share/set/src/core/setcore.py:1806: SyntaxWarning: invalid escape sequence '\.'
  p = re.compile("^([0-9]{1,3}\.){0,3}[0-9]{1,3}(/[0-9]{1,2}){1}$")
/usr/share/set/src/fasttrack/ridenum.py:35: SyntaxWarning: invalid escape sequence '\ '
  print("""
/usr/share/set/src/fasttrack/sccm/sccm_main.py:24: SyntaxWarning: invalid escape sequence '\s'
  configuration = '''
/usr/share/set/src/payloads/set_payloads/listener.py:394: SyntaxWarning: invalid escape sequence '\e'
  print("""
/usr/share/set/src/teensy/binary2teensy.py:127: SyntaxWarning: invalid escape sequence '\|'
  print("""
/usr/share/set/src/teensy/sd2teensy.py:46: SyntaxWarning: invalid escape sequence '\|'
  print("""
/usr/share/set/src/webattack/harvester/scraper.py:79: SyntaxWarning: invalid escape sequence '\w'
  'action="http?\w://[\w.\?=/&]*/', 'action="http://%s/' % (ipaddr), line)
/usr/share/set/src/webattack/harvester/scraper.py:85: SyntaxWarning: invalid escape sequence '\w'
  'action="http?\w://[\w.\?=/&]*/', 'action="https://%s/' % (ipaddr), line)
/usr/share/unicorn-magic/unicorn.py:1241: SyntaxWarning: invalid escape sequence '\.'
  elif re.search('\.ps1$', sys.argv[1]) is not None:
running python post-rtupdate hooks for python3.12...
æ­£åœ¨è®¾ç½® libpython3.12-dev:amd64 (3.12.7-3) ...
æ­£åœ¨è®¾ç½® blueman (2.4.3-1) ...
blueman-mechanism.service is a disabled or a static unit not running, not starting it.
æ­£åœ¨è®¾ç½® gcc (4:14.2.0-1) ...
æ­£åœ¨è®¾ç½® dpkg-dev (1.22.11+kali2) ...
æ­£åœ¨è®¾ç½® python3-tdb (1.4.12-1) ...
æ­£åœ¨è®¾ç½® python3-zstandard (0.23.0-2+b1) ...
æ­£åœ¨è®¾ç½® python3-gpg (1.24.0-2) ...
æ­£åœ¨è®¾ç½® wfuzz (3.1.0-4.1) ...
æ­£åœ¨è®¾ç½® python3-ldb (2:2.10.0+samba4.21.1+dfsg-2kali1) ...
æ­£åœ¨è®¾ç½® python3.12-dev (3.12.7-3) ...
æ­£åœ¨è®¾ç½® onboard-common (1.4.1-9) ...
æ­£åœ¨è®¾ç½® g++-14-x86-64-linux-gnu (14.2.0-8) ...
æ­£åœ¨è®¾ç½® samba-common-bin (2:4.21.1+dfsg-2kali1) ...
æ­£åœ¨è®¾ç½® python3-nassl (5.2.0-0kali3) ...
æ­£åœ¨è®¾ç½® g++-x86-64-linux-gnu (4:14.2.0-1) ...
æ­£åœ¨è®¾ç½® g++-14 (14.2.0-8) ...
æ­£åœ¨è®¾ç½® samba-dsdb-modules:amd64 (2:4.21.1+dfsg-2kali1) ...
æ­£åœ¨è®¾ç½® libsmbclient0:amd64 (2:4.21.1+dfsg-2kali1) ...
æ­£åœ¨è®¾ç½® python3-arc4 (0.3.0-0kali1+b2) ...
æ­£åœ¨è®¾ç½® python3-faraday-agent-parameters-types (1.7.2-0kali1) ...
æ­£åœ¨è®¾ç½® samba (2:4.21.1+dfsg-2kali1) ...
Removing obsolete conffile /etc/init.d/samba-ad-dc ...
smbd.service is a disabled or a static unit not running, not starting it.
nmbd.service is a disabled or a static unit not running, not starting it.
æ­£åœ¨è®¾ç½® python3-pkg-resources (74.1.2-2) ...
æ­£åœ¨è®¾ç½® python3-elasticsearch (7.17.6-1) ...
æ­£åœ¨è®¾ç½® python3-faraday-plugins (1.19.1-0kali1) ...
æ­£åœ¨è®¾ç½® libpython3-dev:amd64 (3.12.6-1) ...
æ­£åœ¨è®¾ç½® python3-setuptools (74.1.2-2) ...
æ­£åœ¨è®¾ç½® winexe (2:4.21.1+dfsg-2kali1) ...
æ­£åœ¨è®¾ç½® python3-talloc:amd64 (2.4.2-1+b3) ...
æ­£åœ¨è®¾ç½® winbind (2:4.21.1+dfsg-2kali1) ...
update-rc.d: As per Kali policy, winbind init script is left disabled.
winbind.service is a disabled or a static unit, not starting it.
æ­£åœ¨è®¾ç½® python3-croniter (2.0.7-2) ...
æ­£åœ¨è®¾ç½® onboard (1.4.1-9) ...
æ­£åœ¨è®¾ç½® libnss-winbind:amd64 (2:4.21.1+dfsg-2kali1) ...
First installation detected, adding winbind to /etc/nsswitch.conf...
æ­£åœ¨è®¾ç½® python3-dev (3.12.6-1) ...
æ­£åœ¨è®¾ç½® faraday (5.8.0-0kali1) ...
faraday.service is a disabled or a static unit not running, not starting it.
æ­£åœ¨è®¾ç½® smbclient (2:4.21.1+dfsg-2kali1) ...
æ­£åœ¨è®¾ç½® g++ (4:14.2.0-1) ...
æ­£åœ¨è®¾ç½® build-essential (12.12) ...
æ­£åœ¨è®¾ç½® python3-samba (2:4.21.1+dfsg-2kali1) ...
æ­£åœ¨è®¾ç½® libpam-winbind:amd64 (2:4.21.1+dfsg-2kali1) ...
æ­£åœ¨è®¾ç½® samba-ad-dc (2:4.21.1+dfsg-2kali1) ...
æ­£åœ¨åˆ é™¤ é€šè¿‡ samba-ad-dc ä»Ž /lib/systemd/system/samba-ad-dc.service åˆ° /lib/systemd/system/samba-ad-dc.service.usr-is-merged çš„è½¬ç§»
samba-ad-dc.service is a disabled or a static unit, not starting it.
æ­£åœ¨å¤„ç†ç”¨äºŽ wordlists (2023.2.0) çš„è§¦å‘å™¨ ...
æ­£åœ¨å¤„ç†ç”¨äºŽ kali-menu (2023.4.7) çš„è§¦å‘å™¨ ...
æ­£åœ¨å¤„ç†ç”¨äºŽ desktop-file-utils (0.27-2) çš„è§¦å‘å™¨ ...
æ­£åœ¨å¤„ç†ç”¨äºŽ hicolor-icon-theme (0.17-2) çš„è§¦å‘å™¨ ...
æ­£åœ¨å¤„ç†ç”¨äºŽ doc-base (0.11.2) çš„è§¦å‘å™¨ ...
Processing 1 changed doc-base file...
æ­£åœ¨å¤„ç†ç”¨äºŽ libc-bin (2.38-10) çš„è§¦å‘å™¨ ...
æ­£åœ¨å¤„ç†ç”¨äºŽ systemd (255.5-1) çš„è§¦å‘å™¨ ...
æ­£åœ¨å¤„ç†ç”¨äºŽ man-db (2.12.1-1) çš„è§¦å‘å™¨ ...
æ­£åœ¨å¤„ç†ç”¨äºŽ libglib2.0-0t64:amd64 (2.80.2-1) çš„è§¦å‘å™¨ ...
æ­£åœ¨å¤„ç†ç”¨äºŽ dbus (1.14.10-4+b1) çš„è§¦å‘å™¨ ...
æ­£åœ¨è®¾ç½® onboard-data (1.4.1-9) ...
                                                                             
â”Œâ”€â”€(rootðŸ’€tyza66)-[~]
â””â”€# git clone  https://gitee.com/lab37/aircrack_8812au.git
æ­£å…‹éš†åˆ° 'aircrack_8812au'...
remote: Enumerating objects: 11318, done.
remote: Total 11318 (delta 0), reused 0 (delta 0), pack-reused 11318
æŽ¥æ”¶å¯¹è±¡ä¸­: 100% (11318/11318), 78.82 MiB | 5.91 MiB/s, å®Œæˆ.
å¤„ç† delta ä¸­: 100% (7621/7621), å®Œæˆ.
                                                                             
â”Œâ”€â”€(rootðŸ’€tyza66)-[~]
â””â”€# cd     aircrack_8812au
                                                                             
â”Œâ”€â”€(rootðŸ’€tyza66)-[~/aircrack_8812au]
â””â”€# git  checkout   63cf0b4
æ³¨æ„ï¼šæ­£åœ¨åˆ‡æ¢åˆ° '63cf0b4'ã€‚

æ‚¨æ­£å¤„äºŽåˆ†ç¦»å¤´æŒ‡é’ˆçŠ¶æ€ã€‚æ‚¨å¯ä»¥æŸ¥çœ‹ã€åšè¯•éªŒæ€§çš„ä¿®æ”¹åŠæäº¤ï¼Œå¹¶ä¸”æ‚¨å¯ä»¥åœ¨åˆ‡æ¢
å›žä¸€ä¸ªåˆ†æ”¯æ—¶ï¼Œä¸¢å¼ƒåœ¨æ­¤çŠ¶æ€ä¸‹æ‰€åšçš„æäº¤è€Œä¸å¯¹åˆ†æ”¯é€ æˆå½±å“ã€‚

å¦‚æžœæ‚¨æƒ³è¦é€šè¿‡åˆ›å»ºåˆ†æ”¯æ¥ä¿ç•™åœ¨æ­¤çŠ¶æ€ä¸‹æ‰€åšçš„æäº¤ï¼Œæ‚¨å¯ä»¥é€šè¿‡åœ¨ switch å‘½ä»¤
ä¸­æ·»åŠ å‚æ•° -c æ¥å®žçŽ°ï¼ˆçŽ°åœ¨æˆ–ç¨åŽï¼‰ã€‚ä¾‹å¦‚ï¼š

  git switch -c <æ–°åˆ†æ”¯å>

æˆ–è€…æ’¤é”€æ­¤æ“ä½œï¼š

  git switch -

é€šè¿‡å°†é…ç½®å˜é‡ advice.detachedHead è®¾ç½®ä¸º false æ¥å…³é—­æ­¤å»ºè®®

HEAD ç›®å‰ä½äºŽ 63cf0b4 Merge pull request #1149 from alium/v5.6.4.2
                                                                             
â”Œâ”€â”€(rootðŸ’€tyza66)-[~/aircrack_8812au]
â””â”€# sudo  make  dkms_install
mkdir: å·²åˆ›å»ºç›®å½• '/usr/src/8812au-5.6.4.2_35491.20191025'
cp -r * /usr/src/8812au-5.6.4.2_35491.20191025
dkms add -m 8812au -v 5.6.4.2_35491.20191025
Creating symlink /var/lib/dkms/8812au/5.6.4.2_35491.20191025/source -> /usr/src/8812au-5.6.4.2_35491.20191025
dkms build -m 8812au -v 5.6.4.2_35491.20191025
Sign command: /lib/modules/6.11.2-amd64/build/scripts/sign-file
Signing key: /var/lib/dkms/mok.key
Public certificate (MOK): /var/lib/dkms/mok.pub

Building module:
Cleaning build area...
Building module(s)............
Signing module /var/lib/dkms/8812au/5.6.4.2_35491.20191025/build/88XXau.ko
Cleaning build area...
dkms install -m 8812au -v 5.6.4.2_35491.20191025

88XXau.ko.xz:
Running module version sanity check.
Module version v5.6.4.2_35491.20191025 for 88XXau.ko.xz
exactly matches what is already found in kernel 6.11.2-amd64.
DKMS will not replace this module.
You may override by specifying --force.
Error! Installation aborted.
make: *** [Makefile:1791ï¼šdkms_install] é”™è¯¯ 6
                                                                             
â”Œâ”€â”€(rootðŸ’€tyza66)-[~/aircrack_8812au]
â””â”€# make  &&  sudo make install
make ARCH=x86_64 CROSS_COMPILE= -C /lib/modules/6.11.2-amd64/build M=/root/aircrack_8812au  modules
make[1]: è¿›å…¥ç›®å½•â€œ/usr/src/linux-headers-6.11.2-amd64â€
  CC [M]  /root/aircrack_8812au/core/rtw_cmd.o
  CC [M]  /root/aircrack_8812au/core/rtw_security.o
  CC [M]  /root/aircrack_8812au/core/rtw_debug.o
  CC [M]  /root/aircrack_8812au/core/rtw_io.o
  CC [M]  /root/aircrack_8812au/core/rtw_ioctl_query.o
  CC [M]  /root/aircrack_8812au/core/rtw_ioctl_set.o
  CC [M]  /root/aircrack_8812au/core/rtw_ieee80211.o
  CC [M]  /root/aircrack_8812au/core/rtw_mlme.o
  CC [M]  /root/aircrack_8812au/core/rtw_mlme_ext.o
/root/aircrack_8812au/core/rtw_mlme_ext.c: In function â€˜OnAuthâ€™:
/root/aircrack_8812au/core/rtw_mlme_ext.c:2154:41: warning: suggest braces around empty body in an â€˜ifâ€™ statement [-Wempty-body]
 2154 |                                         ;/* TODO: STA re_auth within expire_to */
      |                                         ^
/root/aircrack_8812au/core/rtw_mlme_ext.c:2159:33: warning: suggest braces around empty body in an â€˜ifâ€™ statement [-Wempty-body]
 2159 |                                 ; /* TODO: STA re_auth and auth timeout */
      |                                 ^
  CC [M]  /root/aircrack_8812au/core/rtw_mi.o
  CC [M]  /root/aircrack_8812au/core/rtw_wlan_util.o
  CC [M]  /root/aircrack_8812au/core/rtw_vht.o
  CC [M]  /root/aircrack_8812au/core/rtw_pwrctrl.o
  CC [M]  /root/aircrack_8812au/core/rtw_rf.o
  CC [M]  /root/aircrack_8812au/core/rtw_chplan.o
  CC [M]  /root/aircrack_8812au/core/rtw_recv.o
/root/aircrack_8812au/core/rtw_recv.c: In function â€˜validate_recv_frameâ€™:
/root/aircrack_8812au/core/rtw_recv.c:2390:79: warning: suggest braces around empty body in an â€˜elseâ€™ statement [-Wempty-body]
 2390 |              DBG_COUNTER(adapter->rx_logs.core_rx_pre_data_handled);
      |                                                                    ^

  CC [M]  /root/aircrack_8812au/core/rtw_sta_mgt.o
  CC [M]  /root/aircrack_8812au/core/rtw_ap.o
  CC [M]  /root/aircrack_8812au/core/mesh/rtw_mesh.o
  CC [M]  /root/aircrack_8812au/core/mesh/rtw_mesh_pathtbl.o
  CC [M]  /root/aircrack_8812au/core/mesh/rtw_mesh_hwmp.o
  CC [M]  /root/aircrack_8812au/core/rtw_xmit.o
/root/aircrack_8812au/core/rtw_xmit.c: In function â€˜update_attribâ€™:
/root/aircrack_8812au/core/rtw_xmit.c:1376:74: warning: suggest braces around empty body in an â€˜elseâ€™ statement [-Wempty-body]
 1376 |           DBG_COUNTER(padapter->tx_logs.core_tx_upd_attrib_unknown);
      |                                                                    ^

  CC [M]  /root/aircrack_8812au/core/rtw_p2p.o
  CC [M]  /root/aircrack_8812au/core/rtw_rson.o
  CC [M]  /root/aircrack_8812au/core/rtw_tdls.o
  CC [M]  /root/aircrack_8812au/core/rtw_br_ext.o
  CC [M]  /root/aircrack_8812au/core/rtw_iol.o
  CC [M]  /root/aircrack_8812au/core/rtw_sreset.o
  CC [M]  /root/aircrack_8812au/core/rtw_btcoex_wifionly.o
  CC [M]  /root/aircrack_8812au/core/rtw_btcoex.o
  CC [M]  /root/aircrack_8812au/core/rtw_beamforming.o
  CC [M]  /root/aircrack_8812au/core/rtw_odm.o
  CC [M]  /root/aircrack_8812au/core/rtw_rm.o
  CC [M]  /root/aircrack_8812au/core/rtw_rm_fsm.o
  CC [M]  /root/aircrack_8812au/core/efuse/rtw_efuse.o
  CC [M]  /root/aircrack_8812au/os_dep/osdep_service.o
  CC [M]  /root/aircrack_8812au/os_dep/linux/os_intfs.o
  CC [M]  /root/aircrack_8812au/os_dep/linux/usb_intf.o
  CC [M]  /root/aircrack_8812au/os_dep/linux/usb_ops_linux.o
  CC [M]  /root/aircrack_8812au/os_dep/linux/ioctl_linux.o
  CC [M]  /root/aircrack_8812au/os_dep/linux/xmit_linux.o
  CC [M]  /root/aircrack_8812au/os_dep/linux/mlme_linux.o
  CC [M]  /root/aircrack_8812au/os_dep/linux/recv_linux.o
/root/aircrack_8812au/os_dep/linux/recv_linux.c: In function â€˜rtw_os_recv_indicate_pktâ€™:
/root/aircrack_8812au/os_dep/linux/recv_linux.c:537:68: warning: suggest braces around empty body in an â€˜elseâ€™ statement [-Wempty-body]
  537 |                         DBG_COUNTER(padapter->rx_logs.os_netif_err);
      |                                                                    ^
  CC [M]  /root/aircrack_8812au/os_dep/linux/ioctl_cfg80211.o
  CC [M]  /root/aircrack_8812au/os_dep/linux/wifi_regd.o
  CC [M]  /root/aircrack_8812au/os_dep/linux/rtw_android.o
  CC [M]  /root/aircrack_8812au/os_dep/linux/rtw_proc.o
  CC [M]  /root/aircrack_8812au/os_dep/linux/rtw_rhashtable.o
  CC [M]  /root/aircrack_8812au/os_dep/linux/ioctl_mp.o
/root/aircrack_8812au/os_dep/linux/ioctl_mp.c: In function â€˜rtw_mp_txpower_indexâ€™:
/root/aircrack_8812au/os_dep/linux/ioctl_mp.c:560:25: warning: â€˜sprintfâ€™ argument 3 overlaps destination object â€˜extraâ€™ [-Wrestrict]
  560 |                         sprintf(extra, "%s,pathb=%d", extra, txpower_inx);
      |                         ^~~~~~~~~~~~~~~~~~~~~~~~~~~~~~~~~~~~~~~~~~~~~~~~~
/root/aircrack_8812au/os_dep/linux/ioctl_mp.c:533:55: note: destination object referenced by â€˜restrictâ€™-qualified argument 1 was declared here
  533 |                          struct iw_point *wrqu, char *extra)
      |                                                 ~~~~~~^~~~~
/root/aircrack_8812au/os_dep/linux/ioctl_mp.c:564:25: warning: â€˜sprintfâ€™ argument 3 overlaps destination object â€˜extraâ€™ [-Wrestrict]
  564 |                         sprintf(extra, "%s,pathc=%d", extra, txpower_inx);
      |                         ^~~~~~~~~~~~~~~~~~~~~~~~~~~~~~~~~~~~~~~~~~~~~~~~~
/root/aircrack_8812au/os_dep/linux/ioctl_mp.c:533:55: note: destination object referenced by â€˜restrictâ€™-qualified argument 1 was declared here
  533 |                          struct iw_point *wrqu, char *extra)
      |                                                 ~~~~~~^~~~~
/root/aircrack_8812au/os_dep/linux/ioctl_mp.c:568:25: warning: â€˜sprintfâ€™ argument 3 overlaps destination object â€˜extraâ€™ [-Wrestrict]
  568 |                         sprintf(extra, "%s,pathd=%d", extra, txpower_inx);
      |                         ^~~~~~~~~~~~~~~~~~~~~~~~~~~~~~~~~~~~~~~~~~~~~~~~~
/root/aircrack_8812au/os_dep/linux/ioctl_mp.c:533:55: note: destination object referenced by â€˜restrictâ€™-qualified argument 1 was declared here
  533 |                          struct iw_point *wrqu, char *extra)
      |                                                 ~~~~~~^~~~~
/root/aircrack_8812au/os_dep/linux/ioctl_mp.c: In function â€˜rtw_efuse_mask_fileâ€™:
/root/aircrack_8812au/os_dep/linux/ioctl_mp.c:2147:25: warning: â€˜sprintfâ€™ argument 3 overlaps destination object â€˜extraâ€™ [-Wrestrict]
 2147 |                         sprintf(extra, "%s:%02x", extra, maskfileBuffer[i]);
      |                         ^~~~~~~~~~~~~~~~~~~~~~~~~~~~~~~~~~~~~~~~~~~~~~~~~~~
/root/aircrack_8812au/os_dep/linux/ioctl_mp.c:2092:55: note: destination object referenced by â€˜restrictâ€™-qualified argument 1 was declared here
 2092 |                         union iwreq_data *wrqu, char *extra)
      |                                                 ~~~~~~^~~~~
/root/aircrack_8812au/os_dep/linux/ioctl_mp.c:2151:17: warning: â€˜sprintfâ€™ argument 3 overlaps destination object â€˜extraâ€™ [-Wrestrict]
 2151 |                 sprintf(extra, "%s\nLoad Efuse Mask data %d hex ok\n", extra, count);
      |                 ^~~~~~~~~~~~~~~~~~~~~~~~~~~~~~~~~~~~~~~~~~~~~~~~~~~~~~~~~~~~~~~~~~~~
/root/aircrack_8812au/os_dep/linux/ioctl_mp.c:2092:55: note: destination object referenced by â€˜restrictâ€™-qualified argument 1 was declared here
 2092 |                         union iwreq_data *wrqu, char *extra)
      |                                                 ~~~~~~^~~~~
  CC [M]  /root/aircrack_8812au/hal/hal_intf.o
  CC [M]  /root/aircrack_8812au/hal/hal_com.o
  CC [M]  /root/aircrack_8812au/hal/hal_com_phycfg.o
  CC [M]  /root/aircrack_8812au/hal/hal_phy.o
  CC [M]  /root/aircrack_8812au/hal/hal_dm.o
  CC [M]  /root/aircrack_8812au/hal/hal_dm_acs.o
  CC [M]  /root/aircrack_8812au/hal/hal_btcoex_wifionly.o
  CC [M]  /root/aircrack_8812au/hal/hal_btcoex.o
  CC [M]  /root/aircrack_8812au/hal/hal_mp.o
  CC [M]  /root/aircrack_8812au/hal/hal_mcc.o
  CC [M]  /root/aircrack_8812au/hal/hal_hci/hal_usb.o
  CC [M]  /root/aircrack_8812au/hal/led/hal_led.o
  CC [M]  /root/aircrack_8812au/hal/led/hal_usb_led.o
  CC [M]  /root/aircrack_8812au/hal/HalPwrSeqCmd.o
  CC [M]  /root/aircrack_8812au/hal/rtl8812a/Hal8812PwrSeq.o
  CC [M]  /root/aircrack_8812au/hal/rtl8812a/Hal8821APwrSeq.o
  CC [M]  /root/aircrack_8812au/hal/rtl8812a/rtl8812a_xmit.o
  CC [M]  /root/aircrack_8812au/hal/rtl8812a/rtl8812a_sreset.o
  CC [M]  /root/aircrack_8812au/hal/rtl8812a/rtl8812a_hal_init.o
  CC [M]  /root/aircrack_8812au/hal/rtl8812a/rtl8812a_phycfg.o
  CC [M]  /root/aircrack_8812au/hal/rtl8812a/rtl8812a_rf6052.o
  CC [M]  /root/aircrack_8812au/hal/rtl8812a/rtl8812a_dm.o
  CC [M]  /root/aircrack_8812au/hal/rtl8812a/rtl8812a_rxdesc.o
  CC [M]  /root/aircrack_8812au/hal/rtl8812a/rtl8812a_cmd.o
  CC [M]  /root/aircrack_8812au/hal/rtl8812a/usb/usb_halinit.o
  CC [M]  /root/aircrack_8812au/hal/rtl8812a/usb/rtl8812au_led.o
  CC [M]  /root/aircrack_8812au/hal/rtl8812a/usb/rtl8812au_xmit.o
  CC [M]  /root/aircrack_8812au/hal/rtl8812a/usb/rtl8812au_recv.o
  CC [M]  /root/aircrack_8812au/hal/rtl8812a/usb/usb_ops_linux.o
  CC [M]  /root/aircrack_8812au/hal/efuse/rtl8812a/HalEfuseMask8812A_USB.o
  CC [M]  /root/aircrack_8812au/hal/efuse/rtl8812a/HalEfuseMask8821A_USB.o
  CC [M]  /root/aircrack_8812au/hal/rtl8812a/hal8812a_fw.o
  CC [M]  /root/aircrack_8812au/hal/rtl8812a/hal8821a_fw.o
  CC [M]  /root/aircrack_8812au/hal/rtl8814a/Hal8814PwrSeq.o
  CC [M]  /root/aircrack_8812au/hal/rtl8814a/rtl8814a_xmit.o
  CC [M]  /root/aircrack_8812au/hal/rtl8814a/rtl8814a_sreset.o
  CC [M]  /root/aircrack_8812au/hal/rtl8814a/rtl8814a_hal_init.o
  CC [M]  /root/aircrack_8812au/hal/rtl8814a/rtl8814a_phycfg.o
  CC [M]  /root/aircrack_8812au/hal/rtl8814a/rtl8814a_rf6052.o
  CC [M]  /root/aircrack_8812au/hal/rtl8814a/rtl8814a_dm.o
  CC [M]  /root/aircrack_8812au/hal/rtl8814a/rtl8814a_rxdesc.o
  CC [M]  /root/aircrack_8812au/hal/rtl8814a/rtl8814a_cmd.o
  CC [M]  /root/aircrack_8812au/hal/rtl8814a/hal8814a_fw.o
  CC [M]  /root/aircrack_8812au/hal/rtl8814a/usb/usb_halinit.o
  CC [M]  /root/aircrack_8812au/hal/rtl8814a/usb/rtl8814au_led.o
  CC [M]  /root/aircrack_8812au/hal/rtl8814a/usb/rtl8814au_xmit.o
  CC [M]  /root/aircrack_8812au/hal/rtl8814a/usb/rtl8814au_recv.o
  CC [M]  /root/aircrack_8812au/hal/rtl8814a/usb/usb_ops_linux.o
  CC [M]  /root/aircrack_8812au/hal/efuse/rtl8814a/HalEfuseMask8814A_USB.o
  CC [M]  /root/aircrack_8812au/hal/phydm/phydm_debug.o
/root/aircrack_8812au/hal/phydm/phydm_debug.c: In function â€˜phydm_basic_dbg_messageâ€™:
/root/aircrack_8812au/hal/phydm/phydm_debug.c:2219:56: warning: suggest braces around empty body in an â€˜elseâ€™ statement [-Wempty-body]
 2219 |                 PHYDM_DBG(dm, DBG_CMN, "No Link !!!\n");
      |                                                        ^
/root/aircrack_8812au/hal/phydm/phydm_debug.c: In function â€˜phydm_fw_trace_handler_codeâ€™:
/root/aircrack_8812au/hal/phydm/phydm_debug.c:4456:35: warning: suggest braces around empty body in an â€˜ifâ€™ statement [-Wempty-body]
 4456 |                           cmd_len);
      |                                   ^
  CC [M]  /root/aircrack_8812au/hal/phydm/phydm_antdiv.o
  CC [M]  /root/aircrack_8812au/hal/phydm/phydm_soml.o
  CC [M]  /root/aircrack_8812au/hal/phydm/phydm_smt_ant.o
  CC [M]  /root/aircrack_8812au/hal/phydm/phydm_antdect.o
  CC [M]  /root/aircrack_8812au/hal/phydm/phydm_interface.o
  CC [M]  /root/aircrack_8812au/hal/phydm/phydm_phystatus.o
  CC [M]  /root/aircrack_8812au/hal/phydm/phydm_hwconfig.o
  CC [M]  /root/aircrack_8812au/hal/phydm/phydm.o
  CC [M]  /root/aircrack_8812au/hal/phydm/phydm_dig.o
  CC [M]  /root/aircrack_8812au/hal/phydm/phydm_pathdiv.o
  CC [M]  /root/aircrack_8812au/hal/phydm/phydm_rainfo.o
/root/aircrack_8812au/hal/phydm/phydm_rainfo.c: In function â€˜phydm_c2h_ra_report_handlerâ€™:
/root/aircrack_8812au/hal/phydm/phydm_rainfo.c:445:60: warning: suggest braces around empty body in an â€˜ifâ€™ statement [-Wempty-body]
  445 |                         PHYDM_DBG(dm, DBG_RA, "Try rate\n");
      |                                                            ^
/root/aircrack_8812au/hal/phydm/phydm_rainfo.c: In function â€˜phydm_get_tx_stream_numâ€™:
/root/aircrack_8812au/hal/phydm/phydm_rainfo.c:829:76: warning: suggest braces around empty body in an â€˜elseâ€™ statement [-Wempty-body]
  829 |         PHYDM_DBG(dm, DBG_RA, "[Warrning] no mimo_type is found\n");
      |                                                                    ^

  CC [M]  /root/aircrack_8812au/hal/phydm/phydm_dynamictxpower.o
  CC [M]  /root/aircrack_8812au/hal/phydm/phydm_adaptivity.o
  CC [M]  /root/aircrack_8812au/hal/phydm/phydm_cfotracking.o
/root/aircrack_8812au/hal/phydm/phydm_cfotracking.c: In function â€˜phydm_set_crystal_capâ€™:
/root/aircrack_8812au/hal/phydm/phydm_cfotracking.c:218:57: warning: suggest braces around empty body in an â€˜elseâ€™ statement [-Wempty-body]
  218 |                 PHYDM_DBG(dm, DBG_CFO_TRK, "Set fail\n");
      |                                                         ^
  CC [M]  /root/aircrack_8812au/hal/phydm/phydm_noisemonitor.o
  CC [M]  /root/aircrack_8812au/hal/phydm/phydm_beamforming.o
/root/aircrack_8812au/hal/phydm/phydm_beamforming.c: In function â€˜phydm_beamforming_notifyâ€™:
/root/aircrack_8812au/hal/phydm/phydm_beamforming.c:1114:44: warning: suggest braces around empty body in an â€˜elseâ€™ statement [-Wempty-body]
 1114 |                                   __func__);
      |                                            ^
/root/aircrack_8812au/hal/phydm/phydm_beamforming.c: In function â€˜beamforming_init_entryâ€™:
/root/aircrack_8812au/hal/phydm/phydm_beamforming.c:1252:52: warning: suggest braces around empty body in an â€˜ifâ€™ statement [-Wempty-body]
 1252 |                                           __func__);
      |                                                    ^
/root/aircrack_8812au/hal/phydm/phydm_beamforming.c: In function â€˜beamforming_timer_callbackâ€™:
/root/aircrack_8812au/hal/phydm/phydm_beamforming.c:1680:36: warning: suggest braces around empty body in an â€˜elseâ€™ statement [-Wempty-body]
 1680 |                           __func__);
      |                                    ^
  CC [M]  /root/aircrack_8812au/hal/phydm/phydm_dfs.o
  CC [M]  /root/aircrack_8812au/hal/phydm/txbf/halcomtxbf.o
/root/aircrack_8812au/hal/phydm/txbf/halcomtxbf.c: In function â€˜hal_com_txbf_config_gtabâ€™:
/root/aircrack_8812au/hal/phydm/txbf/halcomtxbf.c:47:47: warning: suggest braces around empty body in an â€˜ifâ€™ statement [-Wempty-body]
   47 |                 hal_txbf_8822b_config_gtab(dm);
      |                                               ^
/root/aircrack_8812au/hal/phydm/txbf/halcomtxbf.c: In function â€˜hal_com_txbf_enter_work_item_callbackâ€™:
/root/aircrack_8812au/hal/phydm/txbf/halcomtxbf.c:194:46: warning: suggest braces around empty body in an â€˜ifâ€™ statement [-Wempty-body]
  194 |                 hal_txbf_8822b_enter(dm, idx);
      |                                              ^
/root/aircrack_8812au/hal/phydm/txbf/halcomtxbf.c: In function â€˜hal_com_txbf_leave_work_item_callbackâ€™:
/root/aircrack_8812au/hal/phydm/txbf/halcomtxbf.c:224:46: warning: suggest braces around empty body in an â€˜ifâ€™ statement [-Wempty-body]
  224 |                 hal_txbf_8822b_leave(dm, idx);
      |                                              ^
/root/aircrack_8812au/hal/phydm/txbf/halcomtxbf.c: In function â€˜hal_com_txbf_fw_ndpa_work_item_callbackâ€™:
/root/aircrack_8812au/hal/phydm/txbf/halcomtxbf.c:253:48: warning: suggest braces around empty body in an â€˜ifâ€™ statement [-Wempty-body]
  253 |                 hal_txbf_8822b_fw_txbf(dm, idx);
      |                                                ^
/root/aircrack_8812au/hal/phydm/txbf/halcomtxbf.c: In function â€˜hal_com_txbf_status_work_item_callbackâ€™:
/root/aircrack_8812au/hal/phydm/txbf/halcomtxbf.c:351:47: warning: suggest braces around empty body in an â€˜ifâ€™ statement [-Wempty-body]
  351 |                 hal_txbf_8822b_status(dm, idx);
      |                                               ^
  CC [M]  /root/aircrack_8812au/hal/phydm/txbf/haltxbfinterface.o
  CC [M]  /root/aircrack_8812au/hal/phydm/txbf/phydm_hal_txbf_api.o
  CC [M]  /root/aircrack_8812au/hal/phydm/phydm_adc_sampling.o
  CC [M]  /root/aircrack_8812au/hal/phydm/phydm_ccx.o
  CC [M]  /root/aircrack_8812au/hal/phydm/phydm_psd.o
/root/aircrack_8812au/hal/phydm/phydm_psd.c: In function â€˜phydm_psdâ€™:
/root/aircrack_8812au/hal/phydm/phydm_psd.c:204:66: warning: suggest braces around empty body in an â€˜elseâ€™ statement [-Wempty-body]
  204 |                           odm_get_bb_reg(dm, R_0xc50, MASKDWORD));
      |                                                                  ^
  CC [M]  /root/aircrack_8812au/hal/phydm/phydm_primary_cca.o
  CC [M]  /root/aircrack_8812au/hal/phydm/phydm_cck_pd.o
  CC [M]  /root/aircrack_8812au/hal/phydm/phydm_rssi_monitor.o
  CC [M]  /root/aircrack_8812au/hal/phydm/phydm_auto_dbg.o
  CC [M]  /root/aircrack_8812au/hal/phydm/phydm_math_lib.o
  CC [M]  /root/aircrack_8812au/hal/phydm/phydm_api.o
  CC [M]  /root/aircrack_8812au/hal/phydm/phydm_pow_train.o
  CC [M]  /root/aircrack_8812au/hal/phydm/phydm_lna_sat.o
  CC [M]  /root/aircrack_8812au/hal/phydm/phydm_pmac_tx_setting.o
  CC [M]  /root/aircrack_8812au/hal/phydm/phydm_mp.o
  CC [M]  /root/aircrack_8812au/hal/phydm/halrf/halrf.o
/root/aircrack_8812au/hal/phydm/halrf/halrf.c: In function â€˜halrf_compareâ€™:
/root/aircrack_8812au/hal/phydm/halrf/halrf.c:2270:73: warning: suggest braces around empty body in an â€˜ifâ€™ statement [-Wempty-body]
 2270 |            RF_DBG(dm, DBG_RF_DACK, "[DACK]overflow!!!!!!!!!!!!!!!");
      |                                                                    ^

  CC [M]  /root/aircrack_8812au/hal/phydm/halrf/halrf_debug.o
  CC [M]  /root/aircrack_8812au/hal/phydm/halrf/halphyrf_ce.o
/root/aircrack_8812au/hal/phydm/halrf/halphyrf_ce.c: In function â€˜odm_txpowertracking_callback_thermal_meterâ€™:
/root/aircrack_8812au/hal/phydm/halrf/halphyrf_ce.c:481:62: warning: suggest braces around empty body in an â€˜ifâ€™ statement [-Wempty-body]
  481 |                        "reload ofdm index for band switch\n");
      |                                                              ^
  CC [M]  /root/aircrack_8812au/hal/phydm/halrf/halrf_powertracking_ce.o
  CC [M]  /root/aircrack_8812au/hal/phydm/halrf/halrf_powertracking.o
  CC [M]  /root/aircrack_8812au/hal/phydm/halrf/halrf_kfree.o
/root/aircrack_8812au/hal/phydm/halrf/halrf_kfree.c: In function â€˜phydm_get_thermal_trim_offset_8821câ€™:
/root/aircrack_8812au/hal/phydm/halrf/halrf_kfree.c:151:49: warning: suggest braces around empty body in an â€˜ifâ€™ statement [-Wempty-body]
  151 |                        power_trim_info->thermal);
      |                                                 ^
/root/aircrack_8812au/hal/phydm/halrf/halrf_kfree.c: In function â€˜phydm_get_thermal_trim_offset_8822bâ€™:
/root/aircrack_8812au/hal/phydm/halrf/halrf_kfree.c:279:49: warning: suggest braces around empty body in an â€˜ifâ€™ statement [-Wempty-body]
  279 |                        power_trim_info->thermal);
      |                                                 ^
/root/aircrack_8812au/hal/phydm/halrf/halrf_kfree.c: In function â€˜phydm_get_thermal_trim_offset_8710bâ€™:
/root/aircrack_8812au/hal/phydm/halrf/halrf_kfree.c:524:49: warning: suggest braces around empty body in an â€˜ifâ€™ statement [-Wempty-body]
  524 |                        power_trim_info->thermal);
      |                                                 ^
/root/aircrack_8812au/hal/phydm/halrf/halrf_kfree.c: In function â€˜phydm_get_power_trim_offset_8710bâ€™:
/root/aircrack_8812au/hal/phydm/halrf/halrf_kfree.c:551:55: warning: suggest braces around empty body in an â€˜ifâ€™ statement [-Wempty-body]
  551 |                        power_trim_info->bb_gain[0][0]);
      |                                                       ^
/root/aircrack_8812au/hal/phydm/halrf/halrf_kfree.c: In function â€˜phydm_get_thermal_trim_offset_8192fâ€™:
/root/aircrack_8812au/hal/phydm/halrf/halrf_kfree.c:608:49: warning: suggest braces around empty body in an â€˜ifâ€™ statement [-Wempty-body]
  608 |                        power_trim_info->thermal);
      |                                                 ^
/root/aircrack_8812au/hal/phydm/halrf/halrf_kfree.c: In function â€˜phydm_get_thermal_trim_offset_8198fâ€™:
/root/aircrack_8812au/hal/phydm/halrf/halrf_kfree.c:792:49: warning: suggest braces around empty body in an â€˜ifâ€™ statement [-Wempty-body]
  792 |                        power_trim_info->thermal);
      |                                                 ^
  CC [M]  /root/aircrack_8812au/hal/phydm/rtl8812a/halhwimg8812a_mac.o
  CC [M]  /root/aircrack_8812au/hal/phydm/rtl8812a/halhwimg8812a_bb.o
  CC [M]  /root/aircrack_8812au/hal/phydm/rtl8812a/halhwimg8812a_rf.o
  CC [M]  /root/aircrack_8812au/hal/phydm/halrf/rtl8812a/halrf_8812a_ce.o
/root/aircrack_8812au/hal/phydm/halrf/rtl8812a/halrf_8812a_ce.c: In function â€˜phy_iq_calibrate_8812aâ€™:
/root/aircrack_8812au/hal/phydm/halrf/rtl8812a/halrf_8812a_ce.c:1302:89: warning: suggest braces around empty body in an â€˜ifâ€™ statement [-Wempty-body]
 1302 |           "== FW IQK TIMEOUT (Still in progress after 500ms) ==\n");
      |                                                                    ^

  CC [M]  /root/aircrack_8812au/hal/phydm/rtl8812a/phydm_regconfig8812a.o
  CC [M]  /root/aircrack_8812au/hal/phydm/rtl8812a/phydm_rtl8812a.o
  CC [M]  /root/aircrack_8812au/hal/phydm/txbf/haltxbfjaguar.o
/root/aircrack_8812au/hal/phydm/txbf/haltxbfjaguar.c: In function â€˜hal_txbf_jaguar_download_ndpaâ€™:
/root/aircrack_8812au/hal/phydm/txbf/haltxbfjaguar.c:144:36: warning: suggest braces around empty body in an â€˜ifâ€™ statement [-Wempty-body]
  144 |                           __func__);
      |                                    ^
  CC [M]  /root/aircrack_8812au/hal/phydm/rtl8821a/halhwimg8821a_mac.o
  CC [M]  /root/aircrack_8812au/hal/phydm/rtl8821a/halhwimg8821a_bb.o
  CC [M]  /root/aircrack_8812au/hal/phydm/rtl8821a/halhwimg8821a_rf.o
  CC [M]  /root/aircrack_8812au/hal/phydm/halrf/rtl8821a/halrf_8821a_ce.o
  CC [M]  /root/aircrack_8812au/hal/phydm/rtl8821a/phydm_regconfig8821a.o
  CC [M]  /root/aircrack_8812au/hal/phydm/rtl8821a/phydm_rtl8821a.o
  CC [M]  /root/aircrack_8812au/hal/phydm/halrf/rtl8821a/halrf_iqk_8821a_ce.o
  CC [M]  /root/aircrack_8812au/hal/phydm/rtl8814a/halhwimg8814a_bb.o
  CC [M]  /root/aircrack_8812au/hal/phydm/rtl8814a/halhwimg8814a_mac.o
  CC [M]  /root/aircrack_8812au/hal/phydm/rtl8814a/halhwimg8814a_rf.o
  CC [M]  /root/aircrack_8812au/hal/phydm/halrf/rtl8814a/halrf_iqk_8814a.o
  CC [M]  /root/aircrack_8812au/hal/phydm/rtl8814a/phydm_regconfig8814a.o
  CC [M]  /root/aircrack_8812au/hal/phydm/halrf/rtl8814a/halrf_8814a_ce.o
  CC [M]  /root/aircrack_8812au/hal/phydm/rtl8814a/phydm_rtl8814a.o
  CC [M]  /root/aircrack_8812au/hal/phydm/txbf/haltxbf8814a.o
  CC [M]  /root/aircrack_8812au/platform/platform_ops.o
  CC [M]  /root/aircrack_8812au/core/rtw_mp.o
  LD [M]  /root/aircrack_8812au/88XXau.o
/root/aircrack_8812au/88XXau.o: warning: objtool: rtw_mp_cmd+0xfe: unannotated intra-function call
  MODPOST /root/aircrack_8812au/Module.symvers
  CC [M]  /root/aircrack_8812au/88XXau.mod.o
  LD [M]  /root/aircrack_8812au/88XXau.ko
  BTF [M] /root/aircrack_8812au/88XXau.ko
Skipping BTF generation for /root/aircrack_8812au/88XXau.ko due to unavailability of vmlinux
make[1]: ç¦»å¼€ç›®å½•â€œ/usr/src/linux-headers-6.11.2-amd64â€
---------------------------------------------------------------------------
Visit https://github.com/aircrack-ng/rtl8812au for support/reporting issues
or check for newer versions (branches) of these drivers.                   
---------------------------------------------------------------------------
install -p -m 644 88XXau.ko  /lib/modules/6.11.2-amd64/kernel/drivers/net/wireless/
/sbin/depmod -a 6.11.2-amd64
                                                                             
â”Œâ”€â”€(rootðŸ’€tyza66)-[~/aircrack_8812au]
â””â”€# sudo  modprobe   88XXau
                                                                             
â”Œâ”€â”€(rootðŸ’€tyza66)-[~/aircrack_8812au]
â””â”€# sudo  modprobe   88XXau
                                                                             
â”Œâ”€â”€(rootðŸ’€tyza66)-[~/aircrack_8812au]
â””â”€# wifi-te
æ‰¾ä¸åˆ°å‘½ä»¤ â€œwifi-teâ€ï¼Œæ‚¨çš„æ„æ€æ˜¯ï¼š
  â€œwifiteâ€ å‘½ä»¤æ¥è‡ª Debian è½¯ä»¶åŒ… wifite
å°è¯• apt install <deb name>
                                                                             
â”Œâ”€â”€(rootðŸ’€tyza66)-[~/aircrack_8812au]
â””â”€# wifite 
   .               .    
 .Â´  Â·  .     .  Â·  `.  wifite2 2.7.0
 :  :  :  (Â¯)  :  :  :  a wireless auditor by derv82
 `.  Â·  ` /Â¯\ Â´  Â·  .Â´  maintained by kimocoder
   `     /Â¯Â¯Â¯\     Â´    https://github.com/kimocoder/wifite2

 [!] Warning: Recommended app hcxdumptool was not found. install @ apt install hcxdumptool                                                                
 [!] Warning: Recommended app hcxpcapngtool was not found. install @ apt install hcxtools                                                                 
 [!] Conflicting processes: NetworkManager (PID 714), wpa_supplicant (PID 801)                                                                            
 [!] If you have problems: kill -9 PID or re-run wifite with --kill          

    Interface   PHY   Driver              Chipset                            
-----------------------------------------------------------------------
 1. wlan0       phy4  88XXau              Realtek Semiconductor Corp. Realtek 8812AU/8821AU 802.11ac WLAN Adapter [USB Wireless Dual-Band Adapter 2.4/5Ghz]

 [+] Enabling monitor mode on wlan0... enabled!
/usr/lib/python3/dist-packages/wifite/attack/pmkid.py:342: SyntaxWarning: invalid escape sequence '\d'
  essid_safe = re.sub('[^a-zA-Z\d]', '', self.target.essid)
/usr/lib/python3/dist-packages/wifite/attack/wpa.py:199: SyntaxWarning: invalid escape sequence '\d'
  essid_safe = re.escape(re.sub('[^a-zA-Z\d]', '', essid))
/usr/lib/python3/dist-packages/wifite/attack/wpa.py:226: SyntaxWarning: invalid escape sequence '\d'
  essid_safe = re.sub('[^a-zA-Z\d]', '', handshake.essid)

   NUM                      ESSID   CH  ENCR    PWR    WPS  CLIENT           
   ---  -------------------------  ---  -----   ----   ---  ------
     1       (A8:5A:E0:CE:86:FD)     6  WPA-P   66db   yes                   
     2       (A8:5A:E0:CE:86:F9)     6  WPA-P   66db   yes                   
     3                 CMCC-9945     1  WPA-P   60db   yes                   
     4                 CMCC-9945     1  WPA-P   60db   yes                   
     5       (70:D6:1E:CB:D4:21)     1  WPA-P   56db    no                   
     6                 CMCC-2717     1  WPA-P   50db   yes                   
 [+] Select target(s) (1-6) separated by commas, dashes or all: ^C           
 [!] Interrupted, Shutting down...
 [!] Note: Leaving interface in Monitor Mode!
 [!] To disable Monitor Mode when finished: airmon-ng stop wlan0
                                                                             
â”Œâ”€â”€(rootðŸ’€tyza66)-[~/aircrack_8812au]
â””â”€# wifite -c  36,40,44,48,149,153,157,161,165
   .               .    
 .Â´  Â·  .     .  Â·  `.  wifite2 2.7.0
 :  :  :  (Â¯)  :  :  :  a wireless auditor by derv82
 `.  Â·  ` /Â¯\ Â´  Â·  .Â´  maintained by kimocoder
   `     /Â¯Â¯Â¯\     Â´    https://github.com/kimocoder/wifite2

 [+] option: scanning for targets on channel 36,40,44,48,149,153,157,161,165
 [!] Warning: Recommended app hcxdumptool was not found. install @ apt install hcxdumptool                                                                
 [!] Warning: Recommended app hcxpcapngtool was not found. install @ apt install hcxtools                                                                 
 [!] Conflicting processes: NetworkManager (PID 714), wpa_supplicant (PID 801)                                                                            
 [!] If you have problems: kill -9 PID or re-run wifite with --kill          

 [+] Using wlan0 already in monitor mode                                     

   NUM                      ESSID   CH  ENCR    PWR    WPS  CLIENT           
   NUM                      ESSID   CH  ENCR    PWR    WPS  CLIENT
   NUM                      ESSID   CH  ENCR    PWR    WPS  CLIENT           
   NUM                      ESSID   CH  ENCR    PWR    WPS  CLIENT           
   ---  -------------------------  ---  -----   ----   ---  ------           
     1       (F0:33:E5:FE:59:7C)    11  WPA     99db    no                   
     2              MERCURY_1C71    12  WPA-P   74db    no                        3       (A8:5A:E0:CE:86:FD)     6  WPA-P   68db   yes                   
     4        ChinaUnicom-THN6DT     6  WPA-P   66db   yes    1              
     5       (A8:5A:E0:CE:86:F9)     6  WPA-P   65db   yes                   
     6                 CMCC-9945     1  WPA-P   61db   yes                   
     7       (70:D6:1E:CB:D4:21)     1  WPA-P   59db    no                   
     8                 CMCC-9945     1  WPA-P   57db   yes                   
     9           lnunicom_tkm9ut    11  WPA-P   55db   yes                   
    10                 CMCC-2717     1  WPA-P   46db   yes                   
    11              TP-LINK_78FD     6  WPA-P   38db    no                   
    12                 CMCC-F9uF     8  WPA-P   37db    no    1              
    13                 CMCC-3381    11  WPA-P   37db   yes                   
    14                baobei1121     6  WPA-P   36db   yes                   
    15       (FC:94:35:DF:3B:70)    44  WPA     36db    no                       16                 CMCC-qDUX    11  WPA-P   36db    no                   
    17                 CMCC-9648     4  WPA-P   35db  lock                   
    18       (E2:EF:02:49:1F:9E)     1  WPA-P   34db    no                   
    19                  CMCC-116     6  WPA-P   34db    no                   
    20             ChinaNet-EErT     1  WPA-P   32db    no                   
    21                 CMCC-4866    11  WPA-P   32db    no                       22              CMCC-9945-5G    36  WPA-P   31db   yes                   
    23       (B0:11:4B:B7:F7:CC)    36  WPA-P   31db    no                   
    24               Xiaomi_DF91     2  WPA-P   30db   yes                   
    25                 CMCC-2244    13  WPA-P   30db    no                   
    26              CMCC-9945-5G    36  WPA-P   24db    no                   
    27       (70:D6:1E:CB:D4:29)    36  WPA-P   24db    no                   
    28       (A8:5A:E0:CE:86:FE)   149  WPA-P   13db   yes                   
    29       (A8:5A:E0:FE:86:FC)   149  WPA-P   12db   yes                   
    30     ChinaUnicom-THN6DT_5G   149  WPA-P   12db   yes                   
 [+] Select target(s) (1-30) separated by commas, dashes or all: ^C          
 [!] Interrupted, Shutting down...
                                                                             
â”Œâ”€â”€(rootðŸ’€tyza66)-[~/aircrack_8812au]
â””â”€# wifite -C  5180-5825"                     
dquote> 
                                                                             
â”Œâ”€â”€(rootðŸ’€tyza66)-[~/aircrack_8812au]
â””â”€# wifite -C  5180-5825 
   .               .    
 .Â´  Â·  .     .  Â·  `.  wifite2 2.7.0
 :  :  :  (Â¯)  :  :  :  a wireless auditor by derv82
 `.  Â·  ` /Â¯\ Â´  Â·  .Â´  maintained by kimocoder
   `     /Â¯Â¯Â¯\     Â´    https://github.com/kimocoder/wifite2

wifite: error: unrecognized arguments: -C 5180-5825
                                                                             
â”Œâ”€â”€(rootðŸ’€tyza66)-[~/aircrack_8812au]
â””â”€#                     
Wifite æ˜¯ä¸€æ¬¾è‡ªåŠ¨åŒ–æ— çº¿ç½‘ç»œå®¡æ ¸å·¥å…·ï¼Œç”¨äºŽç ´è§£ WEP å’Œ WPA åŠ å¯†çš„ç½‘ç»œã€‚ä½ å¯ä»¥é€šè¿‡ä¸€äº›å‚æ•°æ¥é™åˆ¶æ‰«æå’Œç ´è§£æ¨¡å¼ï¼Œä»¥ä¸‹æ˜¯ä¸€äº›å¸¸ç”¨çš„å‚æ•°ï¼š

å¸¸ç”¨å‚æ•°
-allï¼šæ”»å‡»æ‰€æœ‰ç›®æ ‡

-i <iface>ï¼šæŒ‡å®šç”¨äºŽæ•èŽ·çš„æ— çº¿æŽ¥å£

-macï¼šåŒ¿ååŒ– MAC åœ°å€

-c <channel>ï¼šæ‰«æç‰¹å®šä¿¡é“çš„ç›®æ ‡

-e <essid>ï¼šç›®æ ‡ç‰¹å®šçš„ SSIDï¼ˆç½‘ç»œåç§°ï¼‰

-b <bssid>ï¼šç›®æ ‡ç‰¹å®šçš„ BSSIDï¼ˆMAC åœ°å€ï¼‰

-pow <db>ï¼šæ”»å‡»ä¿¡å·å¼ºåº¦å¤§äºŽæŒ‡å®šå€¼çš„ç›®æ ‡

-quietï¼šä¸æ‰“å°æ‰«æåˆ°çš„ AP åˆ—è¡¨

é™åˆ¶æ‰«æå’Œç ´è§£æ¨¡å¼
-wpaï¼šä»…æ”»å‡» WPA ç½‘ç»œ

-wepï¼šä»…æ”»å‡» WEP ç½‘ç»œ

-wpsï¼šä»…æ”»å‡» WPS ç½‘ç»œ

-pps <num>ï¼šè®¾ç½®æ¯ç§’å‘é€çš„æ•°æ®åŒ…æ•°é‡

-wept <sec>ï¼šç­‰å¾…æ¯æ¬¡æ”»å‡»çš„æ—¶é—´ï¼ˆç§’ï¼‰

-chopchopï¼šä½¿ç”¨ chopchop æ”»å‡»

-arpreplayï¼šä½¿ç”¨ arpreplay æ”»å‡»

-fragmentï¼šä½¿ç”¨ç¢Žç‰‡æ”»å‡»

-caffelatteï¼šä½¿ç”¨ caffe-latte æ”»å‡»

-p0841ï¼šä½¿ç”¨ -p0841 æ”»å‡»

-hirteï¼šä½¿ç”¨ hirte (cfrag) æ”»å‡»

-nofakeauthï¼šåœæ­¢æ”»å‡»å¦‚æžœä¼ªé€ è®¤è¯å¤±è´¥

-wepca <n>ï¼šå¼€å§‹ç ´è§£å½“ IV æ•°é‡è¶…è¿‡ n

-wepsaveï¼šä¿å­˜æ•èŽ·çš„ .cap æ–‡ä»¶åˆ°æŒ‡å®šç›®å½•

åœ¨ wifite ä¸­ï¼Œ-nowpa å‚æ•°å¯ä»¥ç”¨æ¥æŽ’é™¤ WPA å’Œ WPA2 ç½‘ç»œï¼Œåªæ‰«æ WEP å’Œå¼€æ”¾ç½‘ç»œã€‚è¿™å¯ä»¥å¸®åŠ©ä½ æ›´å¿«åœ°å®šä½åˆ°ä½ éœ€è¦æ”»å‡»çš„ç›®æ ‡ç½‘ç»œï¼Œè€Œä¸æµªè´¹æ—¶é—´åœ¨ WPA ç½‘ç»œä¸Šã€‚


--no-wps å¯ä»¥è·³è¿‡wpsæ‰«æ

wifite -h -v è¿™æ ·å¯ä»¥æŸ¥çœ‹å¸®åŠ©




